;  LST file generated by mikroListExporter - v.2.0 
; Date/Time: 24/08/2022 12:06:54
;----------------------------------------------

;Address Opcode 	ASM
0x0000	0xF000EF50  	GOTO        160
0x0004	0x0000      	NOP
0x0006	0x0000      	NOP
0x0008	0xF000EF00  	GOTO        0
0x000C	0x0000      	NOP
0x000E	0x0000      	NOP
0x0010	0x0000      	NOP
0x0012	0x0000      	NOP
0x0014	0x0000      	NOP
0x0016	0x0000      	NOP
0x0018	0xD7F3      	BRA         0
_Delay_500us:
;__Lib_Delays.c,27 :: 		void Delay_500us() {
;__Lib_Delays.c,28 :: 		Delay_us(498);
0x001C	0x0E02      	MOVLW       2
0x001E	0x6E0C      	MOVWF       R12, 0
0x0020	0x0E49      	MOVLW       73
0x0022	0x6E0D      	MOVWF       R13, 0
L_Delay_500us4:
0x0024	0x2E0D      	DECFSZ      R13, 1, 0
0x0026	0xD7FE      	BRA         L_Delay_500us4
0x0028	0x2E0C      	DECFSZ      R12, 1, 0
0x002A	0xD7FC      	BRA         L_Delay_500us4
0x002C	0x0000      	NOP
0x002E	0x0000      	NOP
;__Lib_Delays.c,29 :: 		}
L_end_Delay_500us:
0x0030	0x0012      	RETURN      0
; end of _Delay_500us
_Button:
;__Lib_Button.c,6 :: 		
;__Lib_Button.c,8 :: 		
0x0032	0x6A1F      	CLRF        Button_rslt_L0 
;__Lib_Button.c,11 :: 		
0x0034	0xF001C01B  	MOVFF       FARG_Button_pin, R1
0x0038	0x0E01      	MOVLW       1
0x003A	0x6E00      	MOVWF       R0 
0x003C	0x5001      	MOVF        R1, 0 
L__Button5:
0x003E	0xE004      	BZ          L__Button6
0x0040	0x3600      	RLCF        R0, 1 
0x0042	0x9000      	BCF         R0, 0 
0x0044	0x0FFF      	ADDLW       255
0x0046	0xD7FB      	BRA         L__Button5
L__Button6:
0x0048	0xF01EC000  	MOVFF       R0, Button_pMask_L0
;__Lib_Button.c,13 :: 		
0x004C	0xFFE9C019  	MOVFF       FARG_Button_port, FSR0L
0x0050	0xFFEAC01A  	MOVFF       FARG_Button_port+1, FSR0H
0x0054	0x5000      	MOVF        R0, 0 
0x0056	0x14EE      	ANDWF       POSTINC0, 0 
0x0058	0x6E01      	MOVWF       R1 
0x005A	0x5201      	MOVF        R1, 1 
0x005C	0x0E01      	MOVLW       1
0x005E	0xA4D8      	BTFSS       STATUS, 2 
0x0060	0x0E00      	MOVLW       0
0x0062	0x6E00      	MOVWF       R0 
0x0064	0x501D      	MOVF        FARG_Button_active_state, 0 
0x0066	0x1A00      	XORWF       R0, 1 
0x0068	0xE018      	BZ          L_Button0
;__Lib_Button.c,15 :: 		
L_Button1:
0x006A	0x501C      	MOVF        FARG_Button_time_ms, 0 
0x006C	0x0800      	SUBLW       0
0x006E	0xE204      	BC          L_Button2
;__Lib_Button.c,16 :: 		
0x0070	0xDFD5      	RCALL       _Delay_500us
;__Lib_Button.c,17 :: 		
0x0072	0xDFD4      	RCALL       _Delay_500us
;__Lib_Button.c,18 :: 		
0x0074	0x061C      	DECF        FARG_Button_time_ms, 1 
;__Lib_Button.c,19 :: 		
0x0076	0xD7F9      	BRA         L_Button1
L_Button2:
;__Lib_Button.c,21 :: 		
0x0078	0xFFE9C019  	MOVFF       FARG_Button_port, FSR0L
0x007C	0xFFEAC01A  	MOVFF       FARG_Button_port+1, FSR0H
0x0080	0x501E      	MOVF        Button_pMask_L0, 0 
0x0082	0x14EE      	ANDWF       POSTINC0, 0 
0x0084	0x6E01      	MOVWF       R1 
0x0086	0x5201      	MOVF        R1, 1 
0x0088	0x0E01      	MOVLW       1
0x008A	0xA4D8      	BTFSS       STATUS, 2 
0x008C	0x0E00      	MOVLW       0
0x008E	0x6E00      	MOVWF       R0 
0x0090	0x501D      	MOVF        FARG_Button_active_state, 0 
0x0092	0x1A00      	XORWF       R0, 1 
0x0094	0xE002      	BZ          L_Button3
;__Lib_Button.c,22 :: 		
0x0096	0x0EFF      	MOVLW       255
0x0098	0x6E1F      	MOVWF       Button_rslt_L0 
L_Button3:
;__Lib_Button.c,23 :: 		
L_Button0:
;__Lib_Button.c,25 :: 		
0x009A	0xF000C01F  	MOVFF       Button_rslt_L0, R0
;__Lib_Button.c,26 :: 		
L_end_Button:
0x009E	0x0012      	RETURN      0
; end of _Button
_main:
;_1.c,1 :: 		void main() {
;_1.c,2 :: 		trisb = 255;
0x00A0	0x0EFF      	MOVLW       255
0x00A2	0x6E93      	MOVWF       TRISB 
;_1.c,3 :: 		trisd = 0;
0x00A4	0x6A95      	CLRF        TRISD 
;_1.c,4 :: 		while(1){
L_main0:
;_1.c,5 :: 		int i = 0;
0x00A6	0x6A15      	CLRF        main_i_L1 
0x00A8	0x6A16      	CLRF        main_i_L1+1 
0x00AA	0x0E01      	MOVLW       1
0x00AC	0x6E17      	MOVWF       main_a_L1 
0x00AE	0x0E00      	MOVLW       0
0x00B0	0x6E18      	MOVWF       main_a_L1+1 
;_1.c,7 :: 		if(button(&portb,5,1,0)==255){
0x00B2	0x0E81      	MOVLW       PORTB
0x00B4	0x6E19      	MOVWF       FARG_Button_port 
0x00B6	0x0E0F      	MOVLW       hi_addr(PORTB)
0x00B8	0x6E1A      	MOVWF       FARG_Button_port+1 
0x00BA	0x0E05      	MOVLW       5
0x00BC	0x6E1B      	MOVWF       FARG_Button_pin 
0x00BE	0x0E01      	MOVLW       1
0x00C0	0x6E1C      	MOVWF       FARG_Button_time_ms 
0x00C2	0x6A1D      	CLRF        FARG_Button_active_state 
0x00C4	0xDFB6      	RCALL       _Button
0x00C6	0x5000      	MOVF        R0, 0 
0x00C8	0x0AFF      	XORLW       255
0x00CA	0xE121      	BNZ         L_main2
;_1.c,8 :: 		while(i<9){
L_main3:
0x00CC	0x0E80      	MOVLW       128
0x00CE	0x1816      	XORWF       main_i_L1+1, 0 
0x00D0	0x6E00      	MOVWF       R0 
0x00D2	0x0E80      	MOVLW       128
0x00D4	0x5C00      	SUBWF       R0, 0 
0x00D6	0xE102      	BNZ         L__main7
0x00D8	0x0E09      	MOVLW       9
0x00DA	0x5C15      	SUBWF       main_i_L1, 0 
L__main7:
0x00DC	0xE218      	BC          L_main4
;_1.c,9 :: 		portd = a;
0x00DE	0xFF83C017  	MOVFF       main_a_L1, PORTD
;_1.c,10 :: 		delay_ms(500);
0x00E2	0x0E06      	MOVLW       6
0x00E4	0x6E0B      	MOVWF       R11, 0
0x00E6	0x0E13      	MOVLW       19
0x00E8	0x6E0C      	MOVWF       R12, 0
0x00EA	0x0EAD      	MOVLW       173
0x00EC	0x6E0D      	MOVWF       R13, 0
L_main5:
0x00EE	0x2E0D      	DECFSZ      R13, 1, 0
0x00F0	0xD7FE      	BRA         L_main5
0x00F2	0x2E0C      	DECFSZ      R12, 1, 0
0x00F4	0xD7FC      	BRA         L_main5
0x00F6	0x2E0B      	DECFSZ      R11, 1, 0
0x00F8	0xD7FA      	BRA         L_main5
0x00FA	0x0000      	NOP
0x00FC	0x0000      	NOP
;_1.c,11 :: 		a = a*2+1;
0x00FE	0x3617      	RLCF        main_a_L1, 1 
0x0100	0x9017      	BCF         main_a_L1, 0 
0x0102	0x3618      	RLCF        main_a_L1+1, 1 
0x0104	0x4A17      	INFSNZ      main_a_L1, 1 
0x0106	0x2A18      	INCF        main_a_L1+1, 1 
;_1.c,12 :: 		i = i + 1;
0x0108	0x4A15      	INFSNZ      main_i_L1, 1 
0x010A	0x2A16      	INCF        main_i_L1+1, 1 
;_1.c,13 :: 		}
0x010C	0xD7DF      	BRA         L_main3
L_main4:
;_1.c,14 :: 		}
L_main2:
;_1.c,15 :: 		}
0x010E	0xD7CB      	BRA         L_main0
;_1.c,16 :: 		}
L_end_main:
0x0110	0xD7FF      	BRA         $+0
; end of _main
Symbol List:
//** Routines locations **
//ADDRESS    SIZE    PROCEDURE
//----------------------------------------------
0x001C      [22]    _Delay_500us
0x0032     [110]    _Button
0x00A0     [114]    _main
//** Variables locations ** 
//ADDRESS    SIZE    VARIABLE
//----------------------------------------------
0x0000       [1]    R0
0x0001       [1]    R1
0x0002       [1]    R2
0x0003       [1]    R3
0x0004       [1]    R4
0x0005       [1]    R5
0x0006       [1]    R6
0x0007       [1]    R7
0x0008       [1]    R8
0x0009       [1]    R9
0x000A       [1]    R10
0x000B       [1]    R11
0x000C       [1]    R12
0x000D       [1]    R13
0x000E       [1]    R14
0x000F       [1]    R15
0x0010       [1]    R16
0x0011       [1]    R17
0x0012       [1]    R18
0x0013       [1]    R19
0x0014       [1]    R20
0x0015       [2]    main_i_L1
0x0017       [2]    main_a_L1
0x0019       [2]    FARG_Button_port
0x001B       [1]    FARG_Button_pin
0x001C       [1]    FARG_Button_time_ms
0x001D       [1]    FARG_Button_active_state
0x001E       [1]    Button_pMask_L0
0x001F       [1]    Button_rslt_L0
0x0F81       [1]    PORTB
0x0F83       [1]    PORTD
0x0F93       [1]    TRISB
0x0F95       [1]    TRISD
0x0FD8       [1]    STATUS
0x0FD9       [1]    FSR2L
0x0FDA       [1]    FSR2H
0x0FDE       [1]    POSTINC2
0x0FE0       [1]    BSR
0x0FE1       [1]    FSR1L
0x0FE2       [1]    FSR1H
0x0FE4       [1]    PREINC1
0x0FE6       [1]    POSTINC1
0x0FE7       [1]    INDF1
0x0FE8       [1]    WREG
0x0FE9       [1]    FSR0L
0x0FEA       [1]    FSR0H
0x0FEE       [1]    POSTINC0
0x0FF3       [1]    PRODL
0x0FF4       [1]    PRODH
0x0FF5       [1]    TABLAT
0x0FF6       [1]    TBLPTRL
0x0FF7       [1]    TBLPTRH
0x0FF8       [1]    TBLPTRU
