;  LST file generated by mikroListExporter - v.2.0 
; Date/Time: 18/08/2022 19:49:51
;----------------------------------------------

;Address Opcode 	ASM
0x0000	0xF001EFDC  	GOTO        952
0x0004	0x0000      	NOP
0x0006	0x0000      	NOP
0x0008	0xF000EF00  	GOTO        0
0x000C	0x0000      	NOP
0x000E	0x0000      	NOP
0x0010	0x0000      	NOP
0x0012	0x0000      	NOP
0x0014	0x0000      	NOP
0x0016	0x0000      	NOP
0x0018	0xD7F3      	BRA         0
_Delay_5500us:
;__Lib_Delays.c,31 :: 		void Delay_5500us() {
;__Lib_Delays.c,32 :: 		Delay_us(5500);
0x001C	0x0E0F      	MOVLW       15
0x001E	0x6E0C      	MOVWF       R12, 0
0x0020	0x0E47      	MOVLW       71
0x0022	0x6E0D      	MOVWF       R13, 0
L_Delay_5500us5:
0x0024	0x2E0D      	DECFSZ      R13, 1, 0
0x0026	0xD7FE      	BRA         L_Delay_5500us5
0x0028	0x2E0C      	DECFSZ      R12, 1, 0
0x002A	0xD7FC      	BRA         L_Delay_5500us5
0x002C	0x0000      	NOP
0x002E	0x0000      	NOP
;__Lib_Delays.c,33 :: 		}
L_end_Delay_5500us:
0x0030	0x0012      	RETURN      0
; end of _Delay_5500us
_Delay_50us:
;__Lib_Delays.c,19 :: 		void Delay_50us() {
;__Lib_Delays.c,20 :: 		Delay_us(50);
0x0032	0x0E21      	MOVLW       33
0x0034	0x6E0D      	MOVWF       R13, 0
L_Delay_50us2:
0x0036	0x2E0D      	DECFSZ      R13, 1, 0
0x0038	0xD7FE      	BRA         L_Delay_50us2
;__Lib_Delays.c,21 :: 		}
L_end_Delay_50us:
0x003A	0x0012      	RETURN      0
; end of _Delay_50us
_Delay_1us:
;__Lib_Delays.c,7 :: 		void Delay_1us() {
;__Lib_Delays.c,8 :: 		Delay_us(1);
0x003C	0x0000      	NOP
0x003E	0x0000      	NOP
;__Lib_Delays.c,9 :: 		}
L_end_Delay_1us:
0x0040	0x0012      	RETURN      0
; end of _Delay_1us
_Lcd_Cmd:
;__Lib_Lcd.c,18 :: 		
;__Lib_Lcd.c,20 :: 		
0x0042	0x0100      	MOVLB       0
0x0044	0xBF8C      	BTFSC       FARG_Lcd_Cmd_out_char, 7, 1
0x0046	0xD002      	BRA         L__Lcd_Cmd21
0x0048	0x9E83      	BCF         LCD_D7, BitPos(LCD_D7+0) 
0x004A	0xD001      	BRA         L__Lcd_Cmd22
L__Lcd_Cmd21:
0x004C	0x8E83      	BSF         LCD_D7, BitPos(LCD_D7+0) 
L__Lcd_Cmd22:
;__Lib_Lcd.c,21 :: 		
0x004E	0xBD8C      	BTFSC       FARG_Lcd_Cmd_out_char, 6, 1
0x0050	0xD002      	BRA         L__Lcd_Cmd23
0x0052	0x9C83      	BCF         LCD_D6, BitPos(LCD_D6+0) 
0x0054	0xD001      	BRA         L__Lcd_Cmd24
L__Lcd_Cmd23:
0x0056	0x8C83      	BSF         LCD_D6, BitPos(LCD_D6+0) 
L__Lcd_Cmd24:
;__Lib_Lcd.c,22 :: 		
0x0058	0xBB8C      	BTFSC       FARG_Lcd_Cmd_out_char, 5, 1
0x005A	0xD002      	BRA         L__Lcd_Cmd25
0x005C	0x9A83      	BCF         LCD_D5, BitPos(LCD_D5+0) 
0x005E	0xD001      	BRA         L__Lcd_Cmd26
L__Lcd_Cmd25:
0x0060	0x8A83      	BSF         LCD_D5, BitPos(LCD_D5+0) 
L__Lcd_Cmd26:
;__Lib_Lcd.c,23 :: 		
0x0062	0xB98C      	BTFSC       FARG_Lcd_Cmd_out_char, 4, 1
0x0064	0xD002      	BRA         L__Lcd_Cmd27
0x0066	0x9883      	BCF         LCD_D4, BitPos(LCD_D4+0) 
0x0068	0xD001      	BRA         L__Lcd_Cmd28
L__Lcd_Cmd27:
0x006A	0x8883      	BSF         LCD_D4, BitPos(LCD_D4+0) 
L__Lcd_Cmd28:
;__Lib_Lcd.c,25 :: 		
0x006C	0xB17D      	BTFSC       __Lib_Lcd_cmd_status, BitPos(__Lib_Lcd_cmd_status+0), 1
0x006E	0xD002      	BRA         L__Lcd_Cmd29
0x0070	0x8484      	BSF         LCD_RS, BitPos(LCD_RS+0) 
0x0072	0xD001      	BRA         L__Lcd_Cmd30
L__Lcd_Cmd29:
0x0074	0x9484      	BCF         LCD_RS, BitPos(LCD_RS+0) 
L__Lcd_Cmd30:
;__Lib_Lcd.c,28 :: 		
0x0076	0x8284      	BSF         LCD_EN, BitPos(LCD_EN+0) 
;__Lib_Lcd.c,29 :: 		
0x0078	0xDFE1      	RCALL       _Delay_1us
;__Lib_Lcd.c,30 :: 		
0x007A	0x9284      	BCF         LCD_EN, BitPos(LCD_EN+0) 
;__Lib_Lcd.c,33 :: 		
0x007C	0xB78C      	BTFSC       FARG_Lcd_Cmd_out_char, 3, 1
0x007E	0xD002      	BRA         L__Lcd_Cmd31
0x0080	0x9E83      	BCF         LCD_D7, BitPos(LCD_D7+0) 
0x0082	0xD001      	BRA         L__Lcd_Cmd32
L__Lcd_Cmd31:
0x0084	0x8E83      	BSF         LCD_D7, BitPos(LCD_D7+0) 
L__Lcd_Cmd32:
;__Lib_Lcd.c,34 :: 		
0x0086	0xB58C      	BTFSC       FARG_Lcd_Cmd_out_char, 2, 1
0x0088	0xD002      	BRA         L__Lcd_Cmd33
0x008A	0x9C83      	BCF         LCD_D6, BitPos(LCD_D6+0) 
0x008C	0xD001      	BRA         L__Lcd_Cmd34
L__Lcd_Cmd33:
0x008E	0x8C83      	BSF         LCD_D6, BitPos(LCD_D6+0) 
L__Lcd_Cmd34:
;__Lib_Lcd.c,35 :: 		
0x0090	0xB38C      	BTFSC       FARG_Lcd_Cmd_out_char, 1, 1
0x0092	0xD002      	BRA         L__Lcd_Cmd35
0x0094	0x9A83      	BCF         LCD_D5, BitPos(LCD_D5+0) 
0x0096	0xD001      	BRA         L__Lcd_Cmd36
L__Lcd_Cmd35:
0x0098	0x8A83      	BSF         LCD_D5, BitPos(LCD_D5+0) 
L__Lcd_Cmd36:
;__Lib_Lcd.c,36 :: 		
0x009A	0xB18C      	BTFSC       FARG_Lcd_Cmd_out_char, 0, 1
0x009C	0xD002      	BRA         L__Lcd_Cmd37
0x009E	0x9883      	BCF         LCD_D4, BitPos(LCD_D4+0) 
0x00A0	0xD001      	BRA         L__Lcd_Cmd38
L__Lcd_Cmd37:
0x00A2	0x8883      	BSF         LCD_D4, BitPos(LCD_D4+0) 
L__Lcd_Cmd38:
;__Lib_Lcd.c,38 :: 		
0x00A4	0xB17D      	BTFSC       __Lib_Lcd_cmd_status, BitPos(__Lib_Lcd_cmd_status+0), 1
0x00A6	0xD002      	BRA         L__Lcd_Cmd39
0x00A8	0x8484      	BSF         LCD_RS, BitPos(LCD_RS+0) 
0x00AA	0xD001      	BRA         L__Lcd_Cmd40
L__Lcd_Cmd39:
0x00AC	0x9484      	BCF         LCD_RS, BitPos(LCD_RS+0) 
L__Lcd_Cmd40:
;__Lib_Lcd.c,40 :: 		
0x00AE	0x8284      	BSF         LCD_EN, BitPos(LCD_EN+0) 
;__Lib_Lcd.c,41 :: 		
0x00B0	0xDFC5      	RCALL       _Delay_1us
;__Lib_Lcd.c,42 :: 		
0x00B2	0x9284      	BCF         LCD_EN, BitPos(LCD_EN+0) 
;__Lib_Lcd.c,44 :: 		
0x00B4	0xA17D      	BTFSS       __Lib_Lcd_cmd_status, BitPos(__Lib_Lcd_cmd_status+0), 1
0x00B6	0xD002      	BRA         L_Lcd_Cmd0
;__Lib_Lcd.c,45 :: 		
0x00B8	0xDFB1      	RCALL       _Delay_5500us
0x00BA	0xD001      	BRA         L_Lcd_Cmd1
L_Lcd_Cmd0:
;__Lib_Lcd.c,47 :: 		
0x00BC	0xDFBA      	RCALL       _Delay_50us
L_Lcd_Cmd1:
;__Lib_Lcd.c,48 :: 		
L_end_Lcd_Cmd:
0x00BE	0x0012      	RETURN      0
; end of _Lcd_Cmd
_Div_16X16_U:
;__Lib_Math.c,102 :: 		
;__Lib_Math.c,109 :: 		
0x00C0	0x6A08      	CLRF        R8, 0
;__Lib_Math.c,110 :: 		
0x00C2	0x6A09      	CLRF        R9, 0
;__Lib_Math.c,111 :: 		
0x00C4	0x0E10      	MOVLW       16
;__Lib_Math.c,112 :: 		
0x00C6	0x6E0C      	MOVWF       R12, 0
;__Lib_Math.c,113 :: 		
0x00C8	0x3401      	RLCF        R1, 0, 0
;__Lib_Math.c,114 :: 		
0x00CA	0x3608      	RLCF        R8, 1, 0
;__Lib_Math.c,115 :: 		
0x00CC	0x3609      	RLCF        R9, 1, 0
;__Lib_Math.c,116 :: 		
0x00CE	0x5004      	MOVF        R4, 0, 0
;__Lib_Math.c,117 :: 		
0x00D0	0x5E08      	SUBWF       R8, 1, 0
;__Lib_Math.c,118 :: 		
0x00D2	0x5005      	MOVF        R5, 0, 0
;__Lib_Math.c,119 :: 		
0x00D4	0xA0D8      	BTFSS       STATUS, 0, 0
;__Lib_Math.c,120 :: 		
0x00D6	0x3C05      	INCFSZ      R5, 0, 0
;__Lib_Math.c,121 :: 		
0x00D8	0x5E09      	SUBWF       R9, 1, 0
;__Lib_Math.c,122 :: 		
0x00DA	0xB0D8      	BTFSC       STATUS, 0, 0
;__Lib_Math.c,123 :: 		
0x00DC	0xD007      	BRA         $+16
;__Lib_Math.c,124 :: 		
0x00DE	0x5004      	MOVF        R4, 0, 0
;__Lib_Math.c,125 :: 		
0x00E0	0x2608      	ADDWF       R8, 1, 0
;__Lib_Math.c,126 :: 		
0x00E2	0x5005      	MOVF        R5, 0, 0
;__Lib_Math.c,127 :: 		
0x00E4	0xB0D8      	BTFSC       STATUS, 0, 0
;__Lib_Math.c,128 :: 		
0x00E6	0x3C05      	INCFSZ      R5, 0, 0
;__Lib_Math.c,129 :: 		
0x00E8	0x2609      	ADDWF       R9, 1, 0
;__Lib_Math.c,130 :: 		
0x00EA	0x90D8      	BCF         STATUS, 0, 0
;__Lib_Math.c,131 :: 		
0x00EC	0x3600      	RLCF        R0, 1, 0
;__Lib_Math.c,132 :: 		
0x00EE	0x3601      	RLCF        R1, 1, 0
;__Lib_Math.c,133 :: 		
0x00F0	0x2E0C      	DECFSZ      R12, 1, 0
;__Lib_Math.c,134 :: 		
0x00F2	0xD7EA      	BRA         $-42
;__Lib_Math.c,136 :: 		
L_end_Div_16X16_U:
0x00F4	0x0012      	RETURN      0
; end of _Div_16X16_U
_Lcd_Chr_CP:
;__Lib_Lcd.c,50 :: 		
;__Lib_Lcd.c,52 :: 		
0x00F6	0x0100      	MOVLB       0
0x00F8	0x917D      	BCF         __Lib_Lcd_cmd_status, BitPos(__Lib_Lcd_cmd_status+0), 1
;__Lib_Lcd.c,53 :: 		
0x00FA	0xF08CC08B  	MOVFF       FARG_Lcd_Chr_CP_out_char, FARG_Lcd_Cmd_out_char
0x00FE	0xDFA1      	RCALL       _Lcd_Cmd
;__Lib_Lcd.c,54 :: 		
0x0100	0x817D      	BSF         __Lib_Lcd_cmd_status, BitPos(__Lib_Lcd_cmd_status+0), 1
;__Lib_Lcd.c,55 :: 		
L_end_Lcd_Chr_CP:
0x0102	0x0012      	RETURN      0
; end of _Lcd_Chr_CP
_Delay_500us:
;__Lib_Delays.c,27 :: 		void Delay_500us() {
;__Lib_Delays.c,28 :: 		Delay_us(498);
0x0104	0x0E02      	MOVLW       2
0x0106	0x6E0C      	MOVWF       R12, 0
0x0108	0x0E49      	MOVLW       73
0x010A	0x6E0D      	MOVWF       R13, 0
L_Delay_500us4:
0x010C	0x2E0D      	DECFSZ      R13, 1, 0
0x010E	0xD7FE      	BRA         L_Delay_500us4
0x0110	0x2E0C      	DECFSZ      R12, 1, 0
0x0112	0xD7FC      	BRA         L_Delay_500us4
0x0114	0x0000      	NOP
0x0116	0x0000      	NOP
;__Lib_Delays.c,29 :: 		}
L_end_Delay_500us:
0x0118	0x0012      	RETURN      0
; end of _Delay_500us
_Delay_22us:
;__Lib_Delays.c,15 :: 		void Delay_22us() {
;__Lib_Delays.c,16 :: 		Delay_us(22);
0x011A	0x0E0E      	MOVLW       14
0x011C	0x6E0D      	MOVWF       R13, 0
L_Delay_22us1:
0x011E	0x2E0D      	DECFSZ      R13, 1, 0
0x0120	0xD7FE      	BRA         L_Delay_22us1
0x0122	0x0000      	NOP
;__Lib_Delays.c,17 :: 		}
L_end_Delay_22us:
0x0124	0x0012      	RETURN      0
; end of _Delay_22us
___CC2DW:
;__Lib_System.c,21 :: 		
;__Lib_System.c,23 :: 		
_CC2DL_Loop1:
;__Lib_System.c,24 :: 		
0x0126	0x0009      	TBLRD*+
;__Lib_System.c,25 :: 		
0x0128	0xFFE6CFF5  	MOVFF       TABLAT, POSTINC1
;__Lib_System.c,26 :: 		
0x012C	0x0600      	DECF        R0, 1, 0
;__Lib_System.c,27 :: 		
0x012E	0xE1FB      	BNZ         _CC2DL_Loop1
;__Lib_System.c,28 :: 		
0x0130	0x0601      	DECF        R1, 1, 0
;__Lib_System.c,29 :: 		
0x0132	0xE1F9      	BNZ         _CC2DL_Loop1
;__Lib_System.c,31 :: 		
L_end___CC2DW:
0x0134	0x0012      	RETURN      0
; end of ___CC2DW
_Lcd_Init:
;__Lib_Lcd.c,84 :: 		
;__Lib_Lcd.c,86 :: 		
0x0136	0x9296      	BCF         LCD_EN_Direction, BitPos(LCD_EN_Direction+0) 
;__Lib_Lcd.c,87 :: 		
0x0138	0x9496      	BCF         LCD_RS_Direction, BitPos(LCD_RS_Direction+0) 
;__Lib_Lcd.c,88 :: 		
0x013A	0x9895      	BCF         LCD_D4_Direction, BitPos(LCD_D4_Direction+0) 
;__Lib_Lcd.c,89 :: 		
0x013C	0x9A95      	BCF         LCD_D5_Direction, BitPos(LCD_D5_Direction+0) 
;__Lib_Lcd.c,90 :: 		
0x013E	0x9C95      	BCF         LCD_D6_Direction, BitPos(LCD_D6_Direction+0) 
;__Lib_Lcd.c,91 :: 		
0x0140	0x9E95      	BCF         LCD_D7_Direction, BitPos(LCD_D7_Direction+0) 
;__Lib_Lcd.c,93 :: 		
0x0142	0x9284      	BCF         LCD_EN, BitPos(LCD_EN+0) 
;__Lib_Lcd.c,94 :: 		
0x0144	0x9484      	BCF         LCD_RS, BitPos(LCD_RS+0) 
;__Lib_Lcd.c,95 :: 		
0x0146	0x9E83      	BCF         LCD_D7, BitPos(LCD_D7+0) 
;__Lib_Lcd.c,96 :: 		
0x0148	0x9C83      	BCF         LCD_D6, BitPos(LCD_D6+0) 
;__Lib_Lcd.c,97 :: 		
0x014A	0x9A83      	BCF         LCD_D5, BitPos(LCD_D5+0) 
;__Lib_Lcd.c,98 :: 		
0x014C	0x9883      	BCF         LCD_D4, BitPos(LCD_D4+0) 
;__Lib_Lcd.c,100 :: 		
0x014E	0xDF66      	RCALL       _Delay_5500us
;__Lib_Lcd.c,101 :: 		
0x0150	0xDF65      	RCALL       _Delay_5500us
;__Lib_Lcd.c,102 :: 		
0x0152	0xDF64      	RCALL       _Delay_5500us
;__Lib_Lcd.c,105 :: 		
0x0154	0x8A83      	BSF         LCD_D5, BitPos(LCD_D5+0) 
;__Lib_Lcd.c,106 :: 		
0x0156	0x8883      	BSF         LCD_D4, BitPos(LCD_D4+0) 
;__Lib_Lcd.c,107 :: 		
0x0158	0x8284      	BSF         LCD_EN, BitPos(LCD_EN+0) 
;__Lib_Lcd.c,108 :: 		
0x015A	0xDF70      	RCALL       _Delay_1us
;__Lib_Lcd.c,109 :: 		
0x015C	0x9284      	BCF         LCD_EN, BitPos(LCD_EN+0) 
;__Lib_Lcd.c,110 :: 		
0x015E	0xDF5E      	RCALL       _Delay_5500us
;__Lib_Lcd.c,112 :: 		
0x0160	0x8284      	BSF         LCD_EN, BitPos(LCD_EN+0) 
;__Lib_Lcd.c,113 :: 		
0x0162	0xDF6C      	RCALL       _Delay_1us
;__Lib_Lcd.c,114 :: 		
0x0164	0x9284      	BCF         LCD_EN, BitPos(LCD_EN+0) 
;__Lib_Lcd.c,115 :: 		
0x0166	0xDF5A      	RCALL       _Delay_5500us
;__Lib_Lcd.c,117 :: 		
0x0168	0x8284      	BSF         LCD_EN, BitPos(LCD_EN+0) 
;__Lib_Lcd.c,118 :: 		
0x016A	0xDF68      	RCALL       _Delay_1us
;__Lib_Lcd.c,119 :: 		
0x016C	0x9284      	BCF         LCD_EN, BitPos(LCD_EN+0) 
;__Lib_Lcd.c,120 :: 		
0x016E	0xDF56      	RCALL       _Delay_5500us
;__Lib_Lcd.c,123 :: 		
0x0170	0x9883      	BCF         LCD_D4, BitPos(LCD_D4+0) 
;__Lib_Lcd.c,124 :: 		
0x0172	0x8284      	BSF         LCD_EN, BitPos(LCD_EN+0) 
;__Lib_Lcd.c,125 :: 		
0x0174	0xDF63      	RCALL       _Delay_1us
;__Lib_Lcd.c,126 :: 		
0x0176	0x9284      	BCF         LCD_EN, BitPos(LCD_EN+0) 
;__Lib_Lcd.c,127 :: 		
0x0178	0xDF51      	RCALL       _Delay_5500us
;__Lib_Lcd.c,130 :: 		
0x017A	0x8284      	BSF         LCD_EN, BitPos(LCD_EN+0) 
;__Lib_Lcd.c,131 :: 		
0x017C	0xDF5F      	RCALL       _Delay_1us
;__Lib_Lcd.c,132 :: 		
0x017E	0x9284      	BCF         LCD_EN, BitPos(LCD_EN+0) 
;__Lib_Lcd.c,134 :: 		
0x0180	0x9A83      	BCF         LCD_D5, BitPos(LCD_D5+0) 
;__Lib_Lcd.c,135 :: 		
0x0182	0x8E83      	BSF         LCD_D7, BitPos(LCD_D7+0) 
;__Lib_Lcd.c,136 :: 		
0x0184	0x8284      	BSF         LCD_EN, BitPos(LCD_EN+0) 
;__Lib_Lcd.c,137 :: 		
0x0186	0xDF5A      	RCALL       _Delay_1us
;__Lib_Lcd.c,138 :: 		
0x0188	0x9284      	BCF         LCD_EN, BitPos(LCD_EN+0) 
;__Lib_Lcd.c,139 :: 		
0x018A	0xDF48      	RCALL       _Delay_5500us
;__Lib_Lcd.c,142 :: 		
0x018C	0x9E83      	BCF         LCD_D7, BitPos(LCD_D7+0) 
;__Lib_Lcd.c,143 :: 		
0x018E	0x8883      	BSF         LCD_D4, BitPos(LCD_D4+0) 
;__Lib_Lcd.c,144 :: 		
0x0190	0x8284      	BSF         LCD_EN, BitPos(LCD_EN+0) 
;__Lib_Lcd.c,145 :: 		
0x0192	0xDF54      	RCALL       _Delay_1us
;__Lib_Lcd.c,146 :: 		
0x0194	0x9284      	BCF         LCD_EN, BitPos(LCD_EN+0) 
;__Lib_Lcd.c,148 :: 		
0x0196	0x9883      	BCF         LCD_D4, BitPos(LCD_D4+0) 
;__Lib_Lcd.c,149 :: 		
0x0198	0x8284      	BSF         LCD_EN, BitPos(LCD_EN+0) 
;__Lib_Lcd.c,150 :: 		
0x019A	0xDF50      	RCALL       _Delay_1us
;__Lib_Lcd.c,151 :: 		
0x019C	0x9284      	BCF         LCD_EN, BitPos(LCD_EN+0) 
;__Lib_Lcd.c,152 :: 		
0x019E	0xDF3E      	RCALL       _Delay_5500us
;__Lib_Lcd.c,155 :: 		
0x01A0	0x8284      	BSF         LCD_EN, BitPos(LCD_EN+0) 
;__Lib_Lcd.c,156 :: 		
0x01A2	0xDF4C      	RCALL       _Delay_1us
;__Lib_Lcd.c,157 :: 		
0x01A4	0x9284      	BCF         LCD_EN, BitPos(LCD_EN+0) 
;__Lib_Lcd.c,159 :: 		
0x01A6	0x8883      	BSF         LCD_D4, BitPos(LCD_D4+0) 
;__Lib_Lcd.c,160 :: 		
0x01A8	0x8284      	BSF         LCD_EN, BitPos(LCD_EN+0) 
;__Lib_Lcd.c,161 :: 		
0x01AA	0xDF48      	RCALL       _Delay_1us
;__Lib_Lcd.c,162 :: 		
0x01AC	0x9284      	BCF         LCD_EN, BitPos(LCD_EN+0) 
;__Lib_Lcd.c,163 :: 		
0x01AE	0xDF36      	RCALL       _Delay_5500us
;__Lib_Lcd.c,166 :: 		
0x01B0	0x9883      	BCF         LCD_D4, BitPos(LCD_D4+0) 
;__Lib_Lcd.c,167 :: 		
0x01B2	0x8284      	BSF         LCD_EN, BitPos(LCD_EN+0) 
;__Lib_Lcd.c,168 :: 		
0x01B4	0xDF43      	RCALL       _Delay_1us
;__Lib_Lcd.c,169 :: 		
0x01B6	0x9284      	BCF         LCD_EN, BitPos(LCD_EN+0) 
;__Lib_Lcd.c,171 :: 		
0x01B8	0x8E83      	BSF         LCD_D7, BitPos(LCD_D7+0) 
;__Lib_Lcd.c,172 :: 		
0x01BA	0x8C83      	BSF         LCD_D6, BitPos(LCD_D6+0) 
;__Lib_Lcd.c,173 :: 		
0x01BC	0x8A83      	BSF         LCD_D5, BitPos(LCD_D5+0) 
;__Lib_Lcd.c,174 :: 		
0x01BE	0x8883      	BSF         LCD_D4, BitPos(LCD_D4+0) 
;__Lib_Lcd.c,175 :: 		
0x01C0	0x8284      	BSF         LCD_EN, BitPos(LCD_EN+0) 
;__Lib_Lcd.c,176 :: 		
0x01C2	0xDF3C      	RCALL       _Delay_1us
;__Lib_Lcd.c,177 :: 		
0x01C4	0x9284      	BCF         LCD_EN, BitPos(LCD_EN+0) 
;__Lib_Lcd.c,179 :: 		
0x01C6	0xDF2A      	RCALL       _Delay_5500us
;__Lib_Lcd.c,181 :: 		
0x01C8	0x0100      	MOVLB       0
0x01CA	0x817D      	BSF         __Lib_Lcd_cmd_status, BitPos(__Lib_Lcd_cmd_status+0), 1
;__Lib_Lcd.c,182 :: 		
L_end_Lcd_Init:
0x01CC	0x0012      	RETURN      0
; end of _Lcd_Init
_Button:
;__Lib_Button.c,6 :: 		
;__Lib_Button.c,8 :: 		
0x01CE	0x0100      	MOVLB       0
0x01D0	0x6B8A      	CLRF        Button_rslt_L0, 1
;__Lib_Button.c,11 :: 		
0x01D2	0xF001C086  	MOVFF       FARG_Button_pin, R1
0x01D6	0x0E01      	MOVLW       1
0x01D8	0x6E00      	MOVWF       R0 
0x01DA	0x5001      	MOVF        R1, 0 
L__Button5:
0x01DC	0xE004      	BZ          L__Button6
0x01DE	0x3600      	RLCF        R0, 1 
0x01E0	0x9000      	BCF         R0, 0 
0x01E2	0x0FFF      	ADDLW       255
0x01E4	0xD7FB      	BRA         L__Button5
L__Button6:
0x01E6	0xF089C000  	MOVFF       R0, Button_pMask_L0
;__Lib_Button.c,13 :: 		
0x01EA	0xFFE9C084  	MOVFF       FARG_Button_port, FSR0L
0x01EE	0xFFEAC085  	MOVFF       FARG_Button_port+1, FSR0H
0x01F2	0x5000      	MOVF        R0, 0 
0x01F4	0x14EE      	ANDWF       POSTINC0, 0 
0x01F6	0x6E01      	MOVWF       R1 
0x01F8	0x5201      	MOVF        R1, 1 
0x01FA	0x0E01      	MOVLW       1
0x01FC	0xA4D8      	BTFSS       STATUS, 2 
0x01FE	0x0E00      	MOVLW       0
0x0200	0x6E00      	MOVWF       R0 
0x0202	0x5188      	MOVF        FARG_Button_active_state, 0, 1
0x0204	0x1A00      	XORWF       R0, 1 
0x0206	0xE018      	BZ          L_Button0
;__Lib_Button.c,15 :: 		
L_Button1:
0x0208	0x5187      	MOVF        FARG_Button_time_ms, 0, 1
0x020A	0x0800      	SUBLW       0
0x020C	0xE204      	BC          L_Button2
;__Lib_Button.c,16 :: 		
0x020E	0xDF7A      	RCALL       _Delay_500us
;__Lib_Button.c,17 :: 		
0x0210	0xDF79      	RCALL       _Delay_500us
;__Lib_Button.c,18 :: 		
0x0212	0x0787      	DECF        FARG_Button_time_ms, 1, 1
;__Lib_Button.c,19 :: 		
0x0214	0xD7F9      	BRA         L_Button1
L_Button2:
;__Lib_Button.c,21 :: 		
0x0216	0xFFE9C084  	MOVFF       FARG_Button_port, FSR0L
0x021A	0xFFEAC085  	MOVFF       FARG_Button_port+1, FSR0H
0x021E	0x5189      	MOVF        Button_pMask_L0, 0, 1
0x0220	0x14EE      	ANDWF       POSTINC0, 0 
0x0222	0x6E01      	MOVWF       R1 
0x0224	0x5201      	MOVF        R1, 1 
0x0226	0x0E01      	MOVLW       1
0x0228	0xA4D8      	BTFSS       STATUS, 2 
0x022A	0x0E00      	MOVLW       0
0x022C	0x6E00      	MOVWF       R0 
0x022E	0x5188      	MOVF        FARG_Button_active_state, 0, 1
0x0230	0x1A00      	XORWF       R0, 1 
0x0232	0xE002      	BZ          L_Button3
;__Lib_Button.c,22 :: 		
0x0234	0x0EFF      	MOVLW       255
0x0236	0x6F8A      	MOVWF       Button_rslt_L0, 1
L_Button3:
;__Lib_Button.c,23 :: 		
L_Button0:
;__Lib_Button.c,25 :: 		
0x0238	0xF000C08A  	MOVFF       Button_rslt_L0, R0
;__Lib_Button.c,26 :: 		
L_end_Button:
0x023C	0x0012      	RETURN      0
; end of _Button
_WordToStr:
;__Lib_Conversions.c,98 :: 		
;__Lib_Conversions.c,103 :: 		
0x023E	0x0100      	MOVLB       0
0x0240	0x6B88      	CLRF        WordToStr_len_L0, 1
L_WordToStr11:
0x0242	0x0E05      	MOVLW       5
0x0244	0x5D88      	SUBWF       WordToStr_len_L0, 0, 1
0x0246	0xE20A      	BC          L_WordToStr12
;__Lib_Conversions.c,104 :: 		
0x0248	0x5188      	MOVF        WordToStr_len_L0, 0, 1
0x024A	0x2586      	ADDWF       FARG_WordToStr_output, 0, 1
0x024C	0x6EE1      	MOVWF       FSR1L 
0x024E	0x0E00      	MOVLW       0
0x0250	0x2187      	ADDWFC      FARG_WordToStr_output+1, 0, 1
0x0252	0x6EE2      	MOVWF       FSR1L+1 
0x0254	0x0E20      	MOVLW       32
0x0256	0x6EE6      	MOVWF       POSTINC1 
;__Lib_Conversions.c,103 :: 		
0x0258	0x2B88      	INCF        WordToStr_len_L0, 1, 1
;__Lib_Conversions.c,104 :: 		
0x025A	0xD7F3      	BRA         L_WordToStr11
L_WordToStr12:
;__Lib_Conversions.c,105 :: 		
0x025C	0x5188      	MOVF        WordToStr_len_L0, 0, 1
0x025E	0x2586      	ADDWF       FARG_WordToStr_output, 0, 1
0x0260	0x6EE1      	MOVWF       FSR1L 
0x0262	0x0E00      	MOVLW       0
0x0264	0x2187      	ADDWFC      FARG_WordToStr_output+1, 0, 1
0x0266	0x6EE2      	MOVWF       FSR1L+1 
0x0268	0x6AE6      	CLRF        POSTINC1 
0x026A	0x0788      	DECF        WordToStr_len_L0, 1, 1
;__Lib_Conversions.c,107 :: 		
L_WordToStr14:
;__Lib_Conversions.c,108 :: 		
0x026C	0x5188      	MOVF        WordToStr_len_L0, 0, 1
0x026E	0x2586      	ADDWF       FARG_WordToStr_output, 0, 1
0x0270	0x6F89      	MOVWF       FLOC__WordToStr, 1
0x0272	0x0E00      	MOVLW       0
0x0274	0x2187      	ADDWFC      FARG_WordToStr_output+1, 0, 1
0x0276	0x6F8A      	MOVWF       FLOC__WordToStr+1, 1
0x0278	0x0E0A      	MOVLW       10
0x027A	0x6E04      	MOVWF       R4 
0x027C	0x0E00      	MOVLW       0
0x027E	0x6E05      	MOVWF       R5 
0x0280	0xF000C084  	MOVFF       FARG_WordToStr_input, R0
0x0284	0xF001C085  	MOVFF       FARG_WordToStr_input+1, R1
0x0288	0xDF1B      	RCALL       _Div_16X16_U
0x028A	0xF000C008  	MOVFF       R8, R0
0x028E	0xF001C009  	MOVFF       R9, R1
0x0292	0x0E30      	MOVLW       48
0x0294	0x2600      	ADDWF       R0, 1 
0x0296	0xFFE1C089  	MOVFF       FLOC__WordToStr, FSR1L
0x029A	0xFFE2C08A  	MOVFF       FLOC__WordToStr+1, FSR1H
0x029E	0xFFE6C000  	MOVFF       R0, POSTINC1
;__Lib_Conversions.c,109 :: 		
0x02A2	0x0E0A      	MOVLW       10
0x02A4	0x6E04      	MOVWF       R4 
0x02A6	0x0E00      	MOVLW       0
0x02A8	0x6E05      	MOVWF       R5 
0x02AA	0xF000C084  	MOVFF       FARG_WordToStr_input, R0
0x02AE	0xF001C085  	MOVFF       FARG_WordToStr_input+1, R1
0x02B2	0xDF06      	RCALL       _Div_16X16_U
0x02B4	0xF084C000  	MOVFF       R0, FARG_WordToStr_input
0x02B8	0xF085C001  	MOVFF       R1, FARG_WordToStr_input+1
;__Lib_Conversions.c,110 :: 		
0x02BC	0x0E00      	MOVLW       0
0x02BE	0x1801      	XORWF       R1, 0 
0x02C0	0xE102      	BNZ         L__WordToStr379
0x02C2	0x0E00      	MOVLW       0
0x02C4	0x1800      	XORWF       R0, 0 
L__WordToStr379:
0x02C6	0xE101      	BNZ         L_WordToStr16
;__Lib_Conversions.c,111 :: 		
0x02C8	0xD002      	BRA         L_WordToStr15
L_WordToStr16:
;__Lib_Conversions.c,112 :: 		
0x02CA	0x0788      	DECF        WordToStr_len_L0, 1, 1
;__Lib_Conversions.c,113 :: 		
0x02CC	0xD7CF      	BRA         L_WordToStr14
L_WordToStr15:
;__Lib_Conversions.c,114 :: 		
L_end_WordToStr:
0x02CE	0x0012      	RETURN      0
; end of _WordToStr
_ADC_Read:
;__Lib_ADC_A_D.c,51 :: 		
;__Lib_ADC_A_D.c,54 :: 		
0x02D0	0x6AC2      	CLRF        ADCON0 
;__Lib_ADC_A_D.c,55 :: 		
0x02D2	0x1C2C      	COMF        _vref_mask, 0 
0x02D4	0x6E00      	MOVWF       R0 
0x02D6	0x5000      	MOVF        R0, 0 
0x02D8	0x16C1      	ANDWF       ADCON1, 1 
;__Lib_ADC_A_D.c,56 :: 		
0x02DA	0x0E07      	MOVLW       7
0x02DC	0x12C0      	IORWF       ADCON2, 1 
;__Lib_ADC_A_D.c,57 :: 		
0x02DE	0x8EC0      	BSF         ADCON2, 7 
;__Lib_ADC_A_D.c,58 :: 		
0x02E0	0xF000C084  	MOVFF       FARG_ADC_Read_channel, R0
0x02E4	0x3600      	RLCF        R0, 1 
0x02E6	0x9000      	BCF         R0, 0 
0x02E8	0x3600      	RLCF        R0, 1 
0x02EA	0x9000      	BCF         R0, 0 
0x02EC	0x5000      	MOVF        R0, 0 
0x02EE	0x12C2      	IORWF       ADCON0, 1 
;__Lib_ADC_A_D.c,59 :: 		
0x02F0	0x80C2      	BSF         ADCON0, 0 
;__Lib_ADC_A_D.c,60 :: 		
0x02F2	0xDF13      	RCALL       _Delay_22us
;__Lib_ADC_A_D.c,61 :: 		
0x02F4	0x82C2      	BSF         ADCON0, 1 
;__Lib_ADC_A_D.c,62 :: 		
L_ADC_Read2:
0x02F6	0xA2C2      	BTFSS       ADCON0, 1 
0x02F8	0xD001      	BRA         L_ADC_Read3
;__Lib_ADC_A_D.c,63 :: 		
0x02FA	0xD7FD      	BRA         L_ADC_Read2
L_ADC_Read3:
;__Lib_ADC_A_D.c,64 :: 		
0x02FC	0xF001CFC4  	MOVFF       ADRESH, R1
0x0300	0x6A00      	CLRF        R0 
;__Lib_ADC_A_D.c,65 :: 		
0x0302	0x50C3      	MOVF        ADRESL, 0 
0x0304	0x1200      	IORWF       R0, 1 
0x0306	0x0E00      	MOVLW       0
0x0308	0x1201      	IORWF       R1, 1 
;__Lib_ADC_A_D.c,66 :: 		
0x030A	0x90C2      	BCF         ADCON0, 0 
;__Lib_ADC_A_D.c,68 :: 		
;__Lib_ADC_A_D.c,69 :: 		
L_end_ADC_Read:
0x030C	0x0012      	RETURN      0
; end of _ADC_Read
_Lcd_Out:
;__Lib_Lcd.c,184 :: 		
;__Lib_Lcd.c,187 :: 		
0x030E	0xD010      	BRA         L_Lcd_Out11
;__Lib_Lcd.c,188 :: 		
L_Lcd_Out13:
0x0310	0x0E80      	MOVLW       128
0x0312	0x0100      	MOVLB       0
0x0314	0x6F84      	MOVWF       FARG_Lcd_Out_row, 1
0x0316	0xD01A      	BRA         L_Lcd_Out12
;__Lib_Lcd.c,189 :: 		
L_Lcd_Out14:
0x0318	0x0EC0      	MOVLW       192
0x031A	0x6F84      	MOVWF       FARG_Lcd_Out_row, 1
0x031C	0xD017      	BRA         L_Lcd_Out12
;__Lib_Lcd.c,190 :: 		
L_Lcd_Out15:
0x031E	0x0E94      	MOVLW       148
0x0320	0x6F84      	MOVWF       FARG_Lcd_Out_row, 1
0x0322	0xD014      	BRA         L_Lcd_Out12
;__Lib_Lcd.c,191 :: 		
L_Lcd_Out16:
0x0324	0x0ED4      	MOVLW       212
0x0326	0x6F84      	MOVWF       FARG_Lcd_Out_row, 1
0x0328	0xD011      	BRA         L_Lcd_Out12
;__Lib_Lcd.c,192 :: 		
L_Lcd_Out17:
0x032A	0x0E80      	MOVLW       128
0x032C	0x6F84      	MOVWF       FARG_Lcd_Out_row, 1
;__Lib_Lcd.c,193 :: 		
0x032E	0xD00E      	BRA         L_Lcd_Out12
L_Lcd_Out11:
0x0330	0x0100      	MOVLB       0
0x0332	0x5184      	MOVF        FARG_Lcd_Out_row, 0, 1
0x0334	0x0A01      	XORLW       1
0x0336	0xE0EC      	BZ          L_Lcd_Out13
0x0338	0x5184      	MOVF        FARG_Lcd_Out_row, 0, 1
0x033A	0x0A02      	XORLW       2
0x033C	0xE0ED      	BZ          L_Lcd_Out14
0x033E	0x5184      	MOVF        FARG_Lcd_Out_row, 0, 1
0x0340	0x0A03      	XORLW       3
0x0342	0xE0ED      	BZ          L_Lcd_Out15
0x0344	0x5184      	MOVF        FARG_Lcd_Out_row, 0, 1
0x0346	0x0A04      	XORLW       4
0x0348	0xE0ED      	BZ          L_Lcd_Out16
0x034A	0xD7EF      	BRA         L_Lcd_Out17
L_Lcd_Out12:
;__Lib_Lcd.c,194 :: 		
0x034C	0x0585      	DECF        FARG_Lcd_Out_column, 0, 1
0x034E	0x6E00      	MOVWF       R0 
0x0350	0x5184      	MOVF        FARG_Lcd_Out_row, 0, 1
0x0352	0x2600      	ADDWF       R0, 1 
0x0354	0xF084C000  	MOVFF       R0, FARG_Lcd_Out_row
;__Lib_Lcd.c,196 :: 		
0x0358	0xF08CC000  	MOVFF       R0, FARG_Lcd_Cmd_out_char
0x035C	0xDE72      	RCALL       _Lcd_Cmd
;__Lib_Lcd.c,197 :: 		
0x035E	0x917D      	BCF         __Lib_Lcd_cmd_status, BitPos(__Lib_Lcd_cmd_status+0), 1
;__Lib_Lcd.c,198 :: 		
0x0360	0x6B88      	CLRF        Lcd_Out_i_L0, 1
;__Lib_Lcd.c,199 :: 		
L_Lcd_Out18:
0x0362	0x5188      	MOVF        Lcd_Out_i_L0, 0, 1
0x0364	0x2586      	ADDWF       FARG_Lcd_Out_text, 0, 1
0x0366	0x6EE9      	MOVWF       FSR0L 
0x0368	0x0E00      	MOVLW       0
0x036A	0x2187      	ADDWFC      FARG_Lcd_Out_text+1, 0, 1
0x036C	0x6EEA      	MOVWF       FSR0L+1 
0x036E	0x52EE      	MOVF        POSTINC0, 1 
0x0370	0xE00B      	BZ          L_Lcd_Out19
;__Lib_Lcd.c,200 :: 		
0x0372	0x5188      	MOVF        Lcd_Out_i_L0, 0, 1
0x0374	0x2586      	ADDWF       FARG_Lcd_Out_text, 0, 1
0x0376	0x6EE9      	MOVWF       FSR0L 
0x0378	0x0E00      	MOVLW       0
0x037A	0x2187      	ADDWFC      FARG_Lcd_Out_text+1, 0, 1
0x037C	0x6EEA      	MOVWF       FSR0L+1 
0x037E	0xF08BCFEE  	MOVFF       POSTINC0, FARG_Lcd_Chr_CP_out_char
0x0382	0xDEB9      	RCALL       _Lcd_Chr_CP
0x0384	0x2B88      	INCF        Lcd_Out_i_L0, 1, 1
0x0386	0xD7ED      	BRA         L_Lcd_Out18
L_Lcd_Out19:
;__Lib_Lcd.c,201 :: 		
0x0388	0x817D      	BSF         __Lib_Lcd_cmd_status, BitPos(__Lib_Lcd_cmd_status+0), 1
;__Lib_Lcd.c,202 :: 		
L_end_Lcd_Out:
0x038A	0x0012      	RETURN      0
; end of _Lcd_Out
_Lcd_Out_CP:
;__Lib_Lcd.c,57 :: 		
;__Lib_Lcd.c,59 :: 		
0x038C	0x0100      	MOVLB       0
0x038E	0x6B86      	CLRF        Lcd_Out_CP_i_L0, 1
;__Lib_Lcd.c,60 :: 		
L_Lcd_Out_CP2:
0x0390	0x5186      	MOVF        Lcd_Out_CP_i_L0, 0, 1
0x0392	0x2584      	ADDWF       FARG_Lcd_Out_CP_text, 0, 1
0x0394	0x6EE9      	MOVWF       FSR0L 
0x0396	0x0E00      	MOVLW       0
0x0398	0x2185      	ADDWFC      FARG_Lcd_Out_CP_text+1, 0, 1
0x039A	0x6EEA      	MOVWF       FSR0L+1 
0x039C	0x52EE      	MOVF        POSTINC0, 1 
0x039E	0xE00B      	BZ          L_Lcd_Out_CP3
;__Lib_Lcd.c,61 :: 		
0x03A0	0x5186      	MOVF        Lcd_Out_CP_i_L0, 0, 1
0x03A2	0x2584      	ADDWF       FARG_Lcd_Out_CP_text, 0, 1
0x03A4	0x6EE9      	MOVWF       FSR0L 
0x03A6	0x0E00      	MOVLW       0
0x03A8	0x2185      	ADDWFC      FARG_Lcd_Out_CP_text+1, 0, 1
0x03AA	0x6EEA      	MOVWF       FSR0L+1 
0x03AC	0xF08BCFEE  	MOVFF       POSTINC0, FARG_Lcd_Chr_CP_out_char
0x03B0	0xDEA2      	RCALL       _Lcd_Chr_CP
0x03B2	0x2B86      	INCF        Lcd_Out_CP_i_L0, 1, 1
;__Lib_Lcd.c,62 :: 		
0x03B4	0xD7ED      	BRA         L_Lcd_Out_CP2
L_Lcd_Out_CP3:
;__Lib_Lcd.c,63 :: 		
L_end_Lcd_Out_CP:
0x03B6	0x0012      	RETURN      0
; end of _Lcd_Out_CP
_main:
0x03B8	0xF003ECBD  	CALL        1914, 0
;MyProject.c,19 :: 		void main() {
;MyProject.c,25 :: 		trisb = 0b00000011;
0x03BC	0x0E03      	MOVLW       3
0x03BE	0x6E93      	MOVWF       TRISB 
;MyProject.c,26 :: 		adcon1 = 0b00001100;
0x03C0	0x0E0C      	MOVLW       12
0x03C2	0x6EC1      	MOVWF       ADCON1 
;MyProject.c,27 :: 		trisc = 0;
0x03C4	0x6A94      	CLRF        TRISC 
;MyProject.c,28 :: 		lcd_init();
0x03C6	0xDEB7      	RCALL       _Lcd_Init
;MyProject.c,29 :: 		lcd_cmd(_lcd_clear);
0x03C8	0x0E01      	MOVLW       1
0x03CA	0x6F8C      	MOVWF       FARG_Lcd_Cmd_out_char, 1
0x03CC	0xDE3A      	RCALL       _Lcd_Cmd
;MyProject.c,30 :: 		lcd_cmd(_lcd_cursor_off);
0x03CE	0x0E0C      	MOVLW       12
0x03D0	0x6F8C      	MOVWF       FARG_Lcd_Cmd_out_char, 1
0x03D2	0xDE37      	RCALL       _Lcd_Cmd
;MyProject.c,33 :: 		while(1){
L_main0:
0x03D4	0x0100      	MOVLB       0
;MyProject.c,34 :: 		if(button(&portb, 0, 1, 0) == 255 ){
0x03D6	0x0E81      	MOVLW       PORTB
0x03D8	0x6F84      	MOVWF       FARG_Button_port, 1
0x03DA	0x0E0F      	MOVLW       hi_addr(PORTB)
0x03DC	0x6F85      	MOVWF       FARG_Button_port+1, 1
0x03DE	0x6B86      	CLRF        FARG_Button_pin, 1
0x03E0	0x0E01      	MOVLW       1
0x03E2	0x6F87      	MOVWF       FARG_Button_time_ms, 1
0x03E4	0x6B88      	CLRF        FARG_Button_active_state, 1
0x03E6	0xDEF3      	RCALL       _Button
0x03E8	0x5000      	MOVF        R0, 0 
0x03EA	0x0AFF      	XORLW       255
0x03EC	0xA4D8      	BTFSS       STATUS, 2 
0x03EE	0xD18F      	BRA         L_main2
;MyProject.c,35 :: 		lcd_out(1,1, "Sistema Iniciado");
0x03F0	0x0E01      	MOVLW       1
0x03F2	0x6F84      	MOVWF       FARG_Lcd_Out_row, 1
0x03F4	0x0E01      	MOVLW       1
0x03F6	0x6F85      	MOVWF       FARG_Lcd_Out_column, 1
0x03F8	0x0E2D      	MOVLW       ?lstr1_MyProject
0x03FA	0x6F86      	MOVWF       FARG_Lcd_Out_text, 1
0x03FC	0x0E00      	MOVLW       hi_addr(?lstr1_MyProject)
0x03FE	0x6F87      	MOVWF       FARG_Lcd_Out_text+1, 1
0x0400	0xDF86      	RCALL       _Lcd_Out
;MyProject.c,36 :: 		lcd_out(2,1, "Automaticamente");
0x0402	0x0E02      	MOVLW       2
0x0404	0x6F84      	MOVWF       FARG_Lcd_Out_row, 1
0x0406	0x0E01      	MOVLW       1
0x0408	0x6F85      	MOVWF       FARG_Lcd_Out_column, 1
0x040A	0x0E61      	MOVLW       ?lstr2_MyProject
0x040C	0x6F86      	MOVWF       FARG_Lcd_Out_text, 1
0x040E	0x0E00      	MOVLW       hi_addr(?lstr2_MyProject)
0x0410	0x6F87      	MOVWF       FARG_Lcd_Out_text+1, 1
0x0412	0xDF7D      	RCALL       _Lcd_Out
;MyProject.c,37 :: 		delay_ms(500);
0x0414	0x0E06      	MOVLW       6
0x0416	0x6E0B      	MOVWF       R11, 0
0x0418	0x0E13      	MOVLW       19
0x041A	0x6E0C      	MOVWF       R12, 0
0x041C	0x0EAD      	MOVLW       173
0x041E	0x6E0D      	MOVWF       R13, 0
L_main3:
0x0420	0x2E0D      	DECFSZ      R13, 1, 0
0x0422	0xD7FE      	BRA         L_main3
0x0424	0x2E0C      	DECFSZ      R12, 1, 0
0x0426	0xD7FC      	BRA         L_main3
0x0428	0x2E0B      	DECFSZ      R11, 1, 0
0x042A	0xD7FA      	BRA         L_main3
0x042C	0x0000      	NOP
0x042E	0x0000      	NOP
;MyProject.c,38 :: 		while(1){
L_main4:
0x0430	0x0100      	MOVLB       0
;MyProject.c,40 :: 		wordtostr(ADC_read(2)/2, txtTemperatura);
0x0432	0x0E02      	MOVLW       2
0x0434	0x6F84      	MOVWF       FARG_ADC_Read_channel, 1
0x0436	0xDF4C      	RCALL       _ADC_Read
0x0438	0xF084C000  	MOVFF       R0, FARG_WordToStr_input
0x043C	0xF085C001  	MOVFF       R1, FARG_WordToStr_input+1
0x0440	0x0100      	MOVLB       0
0x0442	0x3385      	RRCF        FARG_WordToStr_input+1, 1, 1
0x0444	0x3384      	RRCF        FARG_WordToStr_input, 1, 1
0x0446	0x9F85      	BCF         FARG_WordToStr_input+1, 7, 1
0x0448	0x0E7E      	MOVLW       main_txtTemperatura_L0
0x044A	0x6F86      	MOVWF       FARG_WordToStr_output, 1
0x044C	0x0E00      	MOVLW       hi_addr(main_txtTemperatura_L0)
0x044E	0x6F87      	MOVWF       FARG_WordToStr_output+1, 1
0x0450	0xDEF6      	RCALL       _WordToStr
;MyProject.c,42 :: 		lcd_out(1,1, "Temperatura");
0x0452	0x0E01      	MOVLW       1
0x0454	0x6F84      	MOVWF       FARG_Lcd_Out_row, 1
0x0456	0x0E01      	MOVLW       1
0x0458	0x6F85      	MOVWF       FARG_Lcd_Out_column, 1
0x045A	0x0E71      	MOVLW       ?lstr3_MyProject
0x045C	0x6F86      	MOVWF       FARG_Lcd_Out_text, 1
0x045E	0x0E00      	MOVLW       hi_addr(?lstr3_MyProject)
0x0460	0x6F87      	MOVWF       FARG_Lcd_Out_text+1, 1
0x0462	0xDF55      	RCALL       _Lcd_Out
;MyProject.c,43 :: 		lcd_out_cp(txtTemperatura);
0x0464	0x0E7E      	MOVLW       main_txtTemperatura_L0
0x0466	0x6F84      	MOVWF       FARG_Lcd_Out_CP_text, 1
0x0468	0x0E00      	MOVLW       hi_addr(main_txtTemperatura_L0)
0x046A	0x6F85      	MOVWF       FARG_Lcd_Out_CP_text+1, 1
0x046C	0xDF8F      	RCALL       _Lcd_Out_CP
;MyProject.c,44 :: 		portc = 0b00100000;
0x046E	0x0E20      	MOVLW       32
0x0470	0x6E82      	MOVWF       PORTC 
;MyProject.c,45 :: 		lcd_out(2,1, "Aquecendo      ");
0x0472	0x0E02      	MOVLW       2
0x0474	0x6F84      	MOVWF       FARG_Lcd_Out_row, 1
0x0476	0x0E01      	MOVLW       1
0x0478	0x6F85      	MOVWF       FARG_Lcd_Out_column, 1
0x047A	0x0E3E      	MOVLW       ?lstr4_MyProject
0x047C	0x6F86      	MOVWF       FARG_Lcd_Out_text, 1
0x047E	0x0E00      	MOVLW       hi_addr(?lstr4_MyProject)
0x0480	0x6F87      	MOVWF       FARG_Lcd_Out_text+1, 1
0x0482	0xDF45      	RCALL       _Lcd_Out
;MyProject.c,46 :: 		lcd_out(3,-3, "Potencia Maxima   ");
0x0484	0x0E03      	MOVLW       3
0x0486	0x6F84      	MOVWF       FARG_Lcd_Out_row, 1
0x0488	0x0EFD      	MOVLW       253
0x048A	0x6F85      	MOVWF       FARG_Lcd_Out_column, 1
0x048C	0x0E4E      	MOVLW       ?lstr5_MyProject
0x048E	0x6F86      	MOVWF       FARG_Lcd_Out_text, 1
0x0490	0x0E00      	MOVLW       hi_addr(?lstr5_MyProject)
0x0492	0x6F87      	MOVWF       FARG_Lcd_Out_text+1, 1
0x0494	0xDF3C      	RCALL       _Lcd_Out
;MyProject.c,49 :: 		if(button(&portb, 1, 1, 0) == 255){
0x0496	0x0E81      	MOVLW       PORTB
0x0498	0x6F84      	MOVWF       FARG_Button_port, 1
0x049A	0x0E0F      	MOVLW       hi_addr(PORTB)
0x049C	0x6F85      	MOVWF       FARG_Button_port+1, 1
0x049E	0x0E01      	MOVLW       1
0x04A0	0x6F86      	MOVWF       FARG_Button_pin, 1
0x04A2	0x0E01      	MOVLW       1
0x04A4	0x6F87      	MOVWF       FARG_Button_time_ms, 1
0x04A6	0x6B88      	CLRF        FARG_Button_active_state, 1
0x04A8	0xDE92      	RCALL       _Button
0x04AA	0x5000      	MOVF        R0, 0 
0x04AC	0x0AFF      	XORLW       255
0x04AE	0xE105      	BNZ         L_main6
;MyProject.c,50 :: 		lcd_cmd(_lcd_clear);
0x04B0	0x0E01      	MOVLW       1
0x04B2	0x6F8C      	MOVWF       FARG_Lcd_Cmd_out_char, 1
0x04B4	0xDDC6      	RCALL       _Lcd_Cmd
;MyProject.c,51 :: 		portc = 0;
0x04B6	0x6A82      	CLRF        PORTC 
;MyProject.c,52 :: 		break;
0x04B8	0xD12A      	BRA         L_main5
;MyProject.c,53 :: 		}
L_main6:
;MyProject.c,55 :: 		if(ADC_read(2)/2 >= 28 && ADC_read(2)/2 <= 50){
0x04BA	0x0E02      	MOVLW       2
0x04BC	0x6F84      	MOVWF       FARG_ADC_Read_channel, 1
0x04BE	0xDF08      	RCALL       _ADC_Read
0x04C0	0xF002C000  	MOVFF       R0, R2
0x04C4	0xF003C001  	MOVFF       R1, R3
0x04C8	0x3203      	RRCF        R3, 1 
0x04CA	0x3202      	RRCF        R2, 1 
0x04CC	0x9E03      	BCF         R3, 7 
0x04CE	0x0E00      	MOVLW       0
0x04D0	0x5C03      	SUBWF       R3, 0 
0x04D2	0xE102      	BNZ         L__main34
0x04D4	0x0E1C      	MOVLW       28
0x04D6	0x5C02      	SUBWF       R2, 0 
L__main34:
0x04D8	0xE316      	BNC         L_main9
0x04DA	0x0E02      	MOVLW       2
0x04DC	0x0100      	MOVLB       0
0x04DE	0x6F84      	MOVWF       FARG_ADC_Read_channel, 1
0x04E0	0xDEF7      	RCALL       _ADC_Read
0x04E2	0xF002C000  	MOVFF       R0, R2
0x04E6	0xF003C001  	MOVFF       R1, R3
0x04EA	0x3203      	RRCF        R3, 1 
0x04EC	0x3202      	RRCF        R2, 1 
0x04EE	0x9E03      	BCF         R3, 7 
0x04F0	0x0E00      	MOVLW       0
0x04F2	0x6E00      	MOVWF       R0 
0x04F4	0x5003      	MOVF        R3, 0 
0x04F6	0x5C00      	SUBWF       R0, 0 
0x04F8	0xE102      	BNZ         L__main35
0x04FA	0x5002      	MOVF        R2, 0 
0x04FC	0x0832      	SUBLW       50
L__main35:
0x04FE	0xE303      	BNC         L_main9
L__main32:
;MyProject.c,56 :: 		portb = 0b00100011;
0x0500	0x0E23      	MOVLW       35
0x0502	0x6E81      	MOVWF       PORTB 
;MyProject.c,58 :: 		}else if(ADC_read(2)/2 >= 51 && ADC_read(2)/2 <= 69){
0x0504	0xD03A      	BRA         L_main10
L_main9:
0x0506	0x0E02      	MOVLW       2
0x0508	0x0100      	MOVLB       0
0x050A	0x6F84      	MOVWF       FARG_ADC_Read_channel, 1
0x050C	0xDEE1      	RCALL       _ADC_Read
0x050E	0xF002C000  	MOVFF       R0, R2
0x0512	0xF003C001  	MOVFF       R1, R3
0x0516	0x3203      	RRCF        R3, 1 
0x0518	0x3202      	RRCF        R2, 1 
0x051A	0x9E03      	BCF         R3, 7 
0x051C	0x0E00      	MOVLW       0
0x051E	0x5C03      	SUBWF       R3, 0 
0x0520	0xE102      	BNZ         L__main36
0x0522	0x0E33      	MOVLW       51
0x0524	0x5C02      	SUBWF       R2, 0 
L__main36:
0x0526	0xE316      	BNC         L_main13
0x0528	0x0E02      	MOVLW       2
0x052A	0x0100      	MOVLB       0
0x052C	0x6F84      	MOVWF       FARG_ADC_Read_channel, 1
0x052E	0xDED0      	RCALL       _ADC_Read
0x0530	0xF002C000  	MOVFF       R0, R2
0x0534	0xF003C001  	MOVFF       R1, R3
0x0538	0x3203      	RRCF        R3, 1 
0x053A	0x3202      	RRCF        R2, 1 
0x053C	0x9E03      	BCF         R3, 7 
0x053E	0x0E00      	MOVLW       0
0x0540	0x6E00      	MOVWF       R0 
0x0542	0x5003      	MOVF        R3, 0 
0x0544	0x5C00      	SUBWF       R0, 0 
0x0546	0xE102      	BNZ         L__main37
0x0548	0x5002      	MOVF        R2, 0 
0x054A	0x0845      	SUBLW       69
L__main37:
0x054C	0xE303      	BNC         L_main13
L__main31:
;MyProject.c,59 :: 		portb = 0b01100011;
0x054E	0x0E63      	MOVLW       99
0x0550	0x6E81      	MOVWF       PORTB 
;MyProject.c,61 :: 		}else if (ADC_read(2)/2 == 70 ){
0x0552	0xD013      	BRA         L_main14
L_main13:
0x0554	0x0E02      	MOVLW       2
0x0556	0x0100      	MOVLB       0
0x0558	0x6F84      	MOVWF       FARG_ADC_Read_channel, 1
0x055A	0xDEBA      	RCALL       _ADC_Read
0x055C	0xF002C000  	MOVFF       R0, R2
0x0560	0xF003C001  	MOVFF       R1, R3
0x0564	0x3203      	RRCF        R3, 1 
0x0566	0x3202      	RRCF        R2, 1 
0x0568	0x9E03      	BCF         R3, 7 
0x056A	0x0E00      	MOVLW       0
0x056C	0x1803      	XORWF       R3, 0 
0x056E	0xE102      	BNZ         L__main38
0x0570	0x0E46      	MOVLW       70
0x0572	0x1802      	XORWF       R2, 0 
L__main38:
0x0574	0xE102      	BNZ         L_main15
;MyProject.c,62 :: 		portb = 0b11100011;
0x0576	0x0EE3      	MOVLW       227
0x0578	0x6E81      	MOVWF       PORTB 
;MyProject.c,63 :: 		}
L_main15:
L_main14:
L_main10:
;MyProject.c,66 :: 		if(ADC_read(2)/2 > 70){
0x057A	0x0E02      	MOVLW       2
0x057C	0x0100      	MOVLB       0
0x057E	0x6F84      	MOVWF       FARG_ADC_Read_channel, 1
0x0580	0xDEA7      	RCALL       _ADC_Read
0x0582	0xF002C000  	MOVFF       R0, R2
0x0586	0xF003C001  	MOVFF       R1, R3
0x058A	0x3203      	RRCF        R3, 1 
0x058C	0x3202      	RRCF        R2, 1 
0x058E	0x9E03      	BCF         R3, 7 
0x0590	0x0E00      	MOVLW       0
0x0592	0x6E00      	MOVWF       R0 
0x0594	0x5003      	MOVF        R3, 0 
0x0596	0x5C00      	SUBWF       R0, 0 
0x0598	0xE102      	BNZ         L__main39
0x059A	0x5002      	MOVF        R2, 0 
0x059C	0x0846      	SUBLW       70
L__main39:
0x059E	0xB0D8      	BTFSC       STATUS, 0 
0x05A0	0xD0B5      	BRA         L_main16
;MyProject.c,67 :: 		lcd_cmd(_lcd_clear);
0x05A2	0x0E01      	MOVLW       1
0x05A4	0x0100      	MOVLB       0
0x05A6	0x6F8C      	MOVWF       FARG_Lcd_Cmd_out_char, 1
0x05A8	0xDD4C      	RCALL       _Lcd_Cmd
;MyProject.c,68 :: 		while(ADC_read(2)/2 > 28){
L_main17:
0x05AA	0x0E02      	MOVLW       2
0x05AC	0x6F84      	MOVWF       FARG_ADC_Read_channel, 1
0x05AE	0xDE90      	RCALL       _ADC_Read
0x05B0	0xF002C000  	MOVFF       R0, R2
0x05B4	0xF003C001  	MOVFF       R1, R3
0x05B8	0x3203      	RRCF        R3, 1 
0x05BA	0x3202      	RRCF        R2, 1 
0x05BC	0x9E03      	BCF         R3, 7 
0x05BE	0x0E00      	MOVLW       0
0x05C0	0x6E00      	MOVWF       R0 
0x05C2	0x5003      	MOVF        R3, 0 
0x05C4	0x5C00      	SUBWF       R0, 0 
0x05C6	0xE102      	BNZ         L__main40
0x05C8	0x5002      	MOVF        R2, 0 
0x05CA	0x081C      	SUBLW       28
L__main40:
0x05CC	0xB0D8      	BTFSC       STATUS, 0 
0x05CE	0xD09E      	BRA         L_main18
;MyProject.c,69 :: 		portc = 0b00100100;
0x05D0	0x0E24      	MOVLW       36
0x05D2	0x6E82      	MOVWF       PORTC 
;MyProject.c,71 :: 		wordtostr(ADC_read(2)/2, txtTemperatura);
0x05D4	0x0E02      	MOVLW       2
0x05D6	0x0100      	MOVLB       0
0x05D8	0x6F84      	MOVWF       FARG_ADC_Read_channel, 1
0x05DA	0xDE7A      	RCALL       _ADC_Read
0x05DC	0xF084C000  	MOVFF       R0, FARG_WordToStr_input
0x05E0	0xF085C001  	MOVFF       R1, FARG_WordToStr_input+1
0x05E4	0x0100      	MOVLB       0
0x05E6	0x3385      	RRCF        FARG_WordToStr_input+1, 1, 1
0x05E8	0x3384      	RRCF        FARG_WordToStr_input, 1, 1
0x05EA	0x9F85      	BCF         FARG_WordToStr_input+1, 7, 1
0x05EC	0x0E7E      	MOVLW       main_txtTemperatura_L0
0x05EE	0x6F86      	MOVWF       FARG_WordToStr_output, 1
0x05F0	0x0E00      	MOVLW       hi_addr(main_txtTemperatura_L0)
0x05F2	0x6F87      	MOVWF       FARG_WordToStr_output+1, 1
0x05F4	0xDE24      	RCALL       _WordToStr
;MyProject.c,73 :: 		lcd_out(1,1, "Temperatura");
0x05F6	0x0E01      	MOVLW       1
0x05F8	0x6F84      	MOVWF       FARG_Lcd_Out_row, 1
0x05FA	0x0E01      	MOVLW       1
0x05FC	0x6F85      	MOVWF       FARG_Lcd_Out_column, 1
0x05FE	0x0E20      	MOVLW       ?lstr6_MyProject
0x0600	0x6F86      	MOVWF       FARG_Lcd_Out_text, 1
0x0602	0x0E00      	MOVLW       hi_addr(?lstr6_MyProject)
0x0604	0x6F87      	MOVWF       FARG_Lcd_Out_text+1, 1
0x0606	0xDE83      	RCALL       _Lcd_Out
;MyProject.c,74 :: 		lcd_out_cp(txtTemperatura);
0x0608	0x0E7E      	MOVLW       main_txtTemperatura_L0
0x060A	0x6F84      	MOVWF       FARG_Lcd_Out_CP_text, 1
0x060C	0x0E00      	MOVLW       hi_addr(main_txtTemperatura_L0)
0x060E	0x6F85      	MOVWF       FARG_Lcd_Out_CP_text+1, 1
0x0610	0xDEBD      	RCALL       _Lcd_Out_CP
;MyProject.c,75 :: 		lcd_out(2,1, "Resfriando");
0x0612	0x0E02      	MOVLW       2
0x0614	0x6F84      	MOVWF       FARG_Lcd_Out_row, 1
0x0616	0x0E01      	MOVLW       1
0x0618	0x6F85      	MOVWF       FARG_Lcd_Out_column, 1
0x061A	0x0E15      	MOVLW       ?lstr7_MyProject
0x061C	0x6F86      	MOVWF       FARG_Lcd_Out_text, 1
0x061E	0x0E00      	MOVLW       hi_addr(?lstr7_MyProject)
0x0620	0x6F87      	MOVWF       FARG_Lcd_Out_text+1, 1
0x0622	0xDE75      	RCALL       _Lcd_Out
;MyProject.c,77 :: 		if(ADC_read(2)/2 == 70){
0x0624	0x0E02      	MOVLW       2
0x0626	0x6F84      	MOVWF       FARG_ADC_Read_channel, 1
0x0628	0xDE53      	RCALL       _ADC_Read
0x062A	0xF002C000  	MOVFF       R0, R2
0x062E	0xF003C001  	MOVFF       R1, R3
0x0632	0x3203      	RRCF        R3, 1 
0x0634	0x3202      	RRCF        R2, 1 
0x0636	0x9E03      	BCF         R3, 7 
0x0638	0x0E00      	MOVLW       0
0x063A	0x1803      	XORWF       R3, 0 
0x063C	0xE102      	BNZ         L__main41
0x063E	0x0E46      	MOVLW       70
0x0640	0x1802      	XORWF       R2, 0 
L__main41:
0x0642	0xE103      	BNZ         L_main19
;MyProject.c,78 :: 		portb = 0b11100011;
0x0644	0x0EE3      	MOVLW       227
0x0646	0x6E81      	MOVWF       PORTB 
;MyProject.c,80 :: 		}else if(ADC_read(2)/2 <= 69 && ADC_read(2)/2 >= 51){
0x0648	0xD04D      	BRA         L_main20
L_main19:
0x064A	0x0E02      	MOVLW       2
0x064C	0x0100      	MOVLB       0
0x064E	0x6F84      	MOVWF       FARG_ADC_Read_channel, 1
0x0650	0xDE3F      	RCALL       _ADC_Read
0x0652	0xF002C000  	MOVFF       R0, R2
0x0656	0xF003C001  	MOVFF       R1, R3
0x065A	0x3203      	RRCF        R3, 1 
0x065C	0x3202      	RRCF        R2, 1 
0x065E	0x9E03      	BCF         R3, 7 
0x0660	0x0E00      	MOVLW       0
0x0662	0x6E00      	MOVWF       R0 
0x0664	0x5003      	MOVF        R3, 0 
0x0666	0x5C00      	SUBWF       R0, 0 
0x0668	0xE102      	BNZ         L__main42
0x066A	0x5002      	MOVF        R2, 0 
0x066C	0x0845      	SUBLW       69
L__main42:
0x066E	0xE314      	BNC         L_main23
0x0670	0x0E02      	MOVLW       2
0x0672	0x0100      	MOVLB       0
0x0674	0x6F84      	MOVWF       FARG_ADC_Read_channel, 1
0x0676	0xDE2C      	RCALL       _ADC_Read
0x0678	0xF002C000  	MOVFF       R0, R2
0x067C	0xF003C001  	MOVFF       R1, R3
0x0680	0x3203      	RRCF        R3, 1 
0x0682	0x3202      	RRCF        R2, 1 
0x0684	0x9E03      	BCF         R3, 7 
0x0686	0x0E00      	MOVLW       0
0x0688	0x5C03      	SUBWF       R3, 0 
0x068A	0xE102      	BNZ         L__main43
0x068C	0x0E33      	MOVLW       51
0x068E	0x5C02      	SUBWF       R2, 0 
L__main43:
0x0690	0xE303      	BNC         L_main23
L__main30:
;MyProject.c,81 :: 		portb = 0b01100011;
0x0692	0x0E63      	MOVLW       99
0x0694	0x6E81      	MOVWF       PORTB 
;MyProject.c,83 :: 		}else if (ADC_read(2)/2 <= 50 && ADC_read(2)/2 >= 28 ){
0x0696	0xD026      	BRA         L_main24
L_main23:
0x0698	0x0E02      	MOVLW       2
0x069A	0x0100      	MOVLB       0
0x069C	0x6F84      	MOVWF       FARG_ADC_Read_channel, 1
0x069E	0xDE18      	RCALL       _ADC_Read
0x06A0	0xF002C000  	MOVFF       R0, R2
0x06A4	0xF003C001  	MOVFF       R1, R3
0x06A8	0x3203      	RRCF        R3, 1 
0x06AA	0x3202      	RRCF        R2, 1 
0x06AC	0x9E03      	BCF         R3, 7 
0x06AE	0x0E00      	MOVLW       0
0x06B0	0x6E00      	MOVWF       R0 
0x06B2	0x5003      	MOVF        R3, 0 
0x06B4	0x5C00      	SUBWF       R0, 0 
0x06B6	0xE102      	BNZ         L__main44
0x06B8	0x5002      	MOVF        R2, 0 
0x06BA	0x0832      	SUBLW       50
L__main44:
0x06BC	0xE313      	BNC         L_main27
0x06BE	0x0E02      	MOVLW       2
0x06C0	0x0100      	MOVLB       0
0x06C2	0x6F84      	MOVWF       FARG_ADC_Read_channel, 1
0x06C4	0xDE05      	RCALL       _ADC_Read
0x06C6	0xF002C000  	MOVFF       R0, R2
0x06CA	0xF003C001  	MOVFF       R1, R3
0x06CE	0x3203      	RRCF        R3, 1 
0x06D0	0x3202      	RRCF        R2, 1 
0x06D2	0x9E03      	BCF         R3, 7 
0x06D4	0x0E00      	MOVLW       0
0x06D6	0x5C03      	SUBWF       R3, 0 
0x06D8	0xE102      	BNZ         L__main45
0x06DA	0x0E1C      	MOVLW       28
0x06DC	0x5C02      	SUBWF       R2, 0 
L__main45:
0x06DE	0xE302      	BNC         L_main27
L__main29:
;MyProject.c,84 :: 		portb = 0b00100011;
0x06E0	0x0E23      	MOVLW       35
0x06E2	0x6E81      	MOVWF       PORTB 
;MyProject.c,85 :: 		}
L_main27:
L_main24:
L_main20:
;MyProject.c,86 :: 		if(button(&portb, 1, 1, 0) == 255){
0x06E4	0x0E81      	MOVLW       PORTB
0x06E6	0x0100      	MOVLB       0
0x06E8	0x6F84      	MOVWF       FARG_Button_port, 1
0x06EA	0x0E0F      	MOVLW       hi_addr(PORTB)
0x06EC	0x6F85      	MOVWF       FARG_Button_port+1, 1
0x06EE	0x0E01      	MOVLW       1
0x06F0	0x6F86      	MOVWF       FARG_Button_pin, 1
0x06F2	0x0E01      	MOVLW       1
0x06F4	0x6F87      	MOVWF       FARG_Button_time_ms, 1
0x06F6	0x6B88      	CLRF        FARG_Button_active_state, 1
0x06F8	0xDD6A      	RCALL       _Button
0x06FA	0x5000      	MOVF        R0, 0 
0x06FC	0x0AFF      	XORLW       255
0x06FE	0xE105      	BNZ         L_main28
;MyProject.c,87 :: 		lcd_cmd(_lcd_clear);
0x0700	0x0E01      	MOVLW       1
0x0702	0x6F8C      	MOVWF       FARG_Lcd_Cmd_out_char, 1
0x0704	0xDC9E      	RCALL       _Lcd_Cmd
;MyProject.c,88 :: 		portc = 0;
0x0706	0x6A82      	CLRF        PORTC 
;MyProject.c,89 :: 		break;
0x0708	0xD001      	BRA         L_main18
;MyProject.c,90 :: 		}
L_main28:
;MyProject.c,91 :: 		}
0x070A	0xD74F      	BRA         L_main17
L_main18:
;MyProject.c,92 :: 		}
L_main16:
;MyProject.c,93 :: 		}
0x070C	0xD691      	BRA         L_main4
L_main5:
;MyProject.c,94 :: 		}
L_main2:
;MyProject.c,95 :: 		}
0x070E	0xD662      	BRA         L_main0
;MyProject.c,96 :: 		}
L_end_main:
0x0710	0xD7FF      	BRA         $+0
; end of _main
0x077A	0xF015EE10  	LFSR        1, 21
0x077E	0x0E68      	MOVLW       104
0x0780	0x6E00      	MOVWF       R0 
0x0782	0x0E01      	MOVLW       1
0x0784	0x6E01      	MOVWF       R1 
0x0786	0x0E12      	MOVLW       18
0x0788	0x6EF6      	MOVWF       TBLPTR 
0x078A	0x0E07      	MOVLW       7
0x078C	0x6EF7      	MOVWF       TBLPTRH 
0x078E	0x0E00      	MOVLW       0
0x0790	0x6EF8      	MOVWF       TBLPTRU 
0x0792	0xF000EC93  	CALL        294, 0
0x0796	0x0012      	RETURN      0
;MyProject.c,0 :: ?ICS?lstr7_MyProject
0x0712	0x6552 ;?ICS?lstr7_MyProject+0
0x0714	0x6673 ;?ICS?lstr7_MyProject+2
0x0716	0x6972 ;?ICS?lstr7_MyProject+4
0x0718	0x6E61 ;?ICS?lstr7_MyProject+6
0x071A	0x6F64 ;?ICS?lstr7_MyProject+8
0x071C	0x00 ;?ICS?lstr7_MyProject+10
; end of ?ICS?lstr7_MyProject
;MyProject.c,0 :: ?ICS?lstr6_MyProject
0x071D	0x6554 ;?ICS?lstr6_MyProject+0
0x071F	0x706D ;?ICS?lstr6_MyProject+2
0x0721	0x7265 ;?ICS?lstr6_MyProject+4
0x0723	0x7461 ;?ICS?lstr6_MyProject+6
0x0725	0x7275 ;?ICS?lstr6_MyProject+8
0x0727	0x0061 ;?ICS?lstr6_MyProject+10
; end of ?ICS?lstr6_MyProject
;__Lib_ADC_A_D.c,0 :: ?ICS_vref_mask
0x0729	0x30 ;?ICS_vref_mask+0
; end of ?ICS_vref_mask
;MyProject.c,0 :: ?ICS?lstr1_MyProject
0x072A	0x6953 ;?ICS?lstr1_MyProject+0
0x072C	0x7473 ;?ICS?lstr1_MyProject+2
0x072E	0x6D65 ;?ICS?lstr1_MyProject+4
0x0730	0x2061 ;?ICS?lstr1_MyProject+6
0x0732	0x6E49 ;?ICS?lstr1_MyProject+8
0x0734	0x6369 ;?ICS?lstr1_MyProject+10
0x0736	0x6169 ;?ICS?lstr1_MyProject+12
0x0738	0x6F64 ;?ICS?lstr1_MyProject+14
0x073A	0x00 ;?ICS?lstr1_MyProject+16
; end of ?ICS?lstr1_MyProject
;MyProject.c,0 :: ?ICS?lstr4_MyProject
0x073B	0x7141 ;?ICS?lstr4_MyProject+0
0x073D	0x6575 ;?ICS?lstr4_MyProject+2
0x073F	0x6563 ;?ICS?lstr4_MyProject+4
0x0741	0x646E ;?ICS?lstr4_MyProject+6
0x0743	0x206F ;?ICS?lstr4_MyProject+8
0x0745	0x2020 ;?ICS?lstr4_MyProject+10
0x0747	0x2020 ;?ICS?lstr4_MyProject+12
0x0749	0x0020 ;?ICS?lstr4_MyProject+14
; end of ?ICS?lstr4_MyProject
;MyProject.c,0 :: ?ICS?lstr5_MyProject
0x074B	0x6F50 ;?ICS?lstr5_MyProject+0
0x074D	0x6574 ;?ICS?lstr5_MyProject+2
0x074F	0x636E ;?ICS?lstr5_MyProject+4
0x0751	0x6169 ;?ICS?lstr5_MyProject+6
0x0753	0x4D20 ;?ICS?lstr5_MyProject+8
0x0755	0x7861 ;?ICS?lstr5_MyProject+10
0x0757	0x6D69 ;?ICS?lstr5_MyProject+12
0x0759	0x2061 ;?ICS?lstr5_MyProject+14
0x075B	0x2020 ;?ICS?lstr5_MyProject+16
0x075D	0x00 ;?ICS?lstr5_MyProject+18
; end of ?ICS?lstr5_MyProject
;MyProject.c,0 :: ?ICS?lstr2_MyProject
0x075E	0x7541 ;?ICS?lstr2_MyProject+0
0x0760	0x6F74 ;?ICS?lstr2_MyProject+2
0x0762	0x616D ;?ICS?lstr2_MyProject+4
0x0764	0x6974 ;?ICS?lstr2_MyProject+6
0x0766	0x6163 ;?ICS?lstr2_MyProject+8
0x0768	0x656D ;?ICS?lstr2_MyProject+10
0x076A	0x746E ;?ICS?lstr2_MyProject+12
0x076C	0x0065 ;?ICS?lstr2_MyProject+14
; end of ?ICS?lstr2_MyProject
;MyProject.c,0 :: ?ICS?lstr3_MyProject
0x076E	0x6554 ;?ICS?lstr3_MyProject+0
0x0770	0x706D ;?ICS?lstr3_MyProject+2
0x0772	0x7265 ;?ICS?lstr3_MyProject+4
0x0774	0x7461 ;?ICS?lstr3_MyProject+6
0x0776	0x7275 ;?ICS?lstr3_MyProject+8
0x0778	0x0061 ;?ICS?lstr3_MyProject+10
; end of ?ICS?lstr3_MyProject
Symbol List:
//** Routines locations **
//ADDRESS    SIZE    PROCEDURE
//----------------------------------------------
0x001C      [22]    _Delay_5500us
0x0032      [10]    _Delay_50us
0x003C       [6]    _Delay_1us
0x0042     [126]    _Lcd_Cmd
0x00C0      [54]    _Div_16X16_U
0x00F6      [14]    _Lcd_Chr_CP
0x0104      [22]    _Delay_500us
0x011A      [12]    _Delay_22us
0x0126      [16]    ___CC2DW
0x0136     [152]    _Lcd_Init
0x01CE     [112]    _Button
0x023E     [146]    _WordToStr
0x02D0      [62]    _ADC_Read
0x030E     [126]    _Lcd_Out
0x038C      [44]    _Lcd_Out_CP
0x03B8     [858]    _main
//** Variables locations ** 
//ADDRESS    SIZE    VARIABLE
//----------------------------------------------
0x0000       [1]    R0
0x0001       [1]    __Lib_Conversions_Adjust_Hex_tmp_L0
0x0001       [1]    R1
0x0002       [2]    memset_pp_L0
0x0002       [2]    memcpy_dd_L0
0x0002       [1]    R2
0x0002       [2]    memchr_s_L0
0x0002       [2]    strlen_cp_L0
0x0003       [2]    Ltrim_original_L0
0x0003       [1]    R3
0x0003       [2]    memmove_tt_L0
0x0004       [2]    strncat_cp_L0
0x0004       [2]    strcat_cp_L0
0x0004       [1]    R4
0x0004       [2]    strcpy_cp_L0
0x0004       [2]    memcpy_ss_L0
0x0004       [2]    strncpy_cp_L0
0x0005       [2]    LongIntToHex_input_half_L0
0x0005       [2]    memmove_ff_L0
0x0005       [2]    Ltrim_p_L0
0x0005       [1]    R5
0x0005       [2]    LongWordToHex_input_half_L0
0x0006       [1]    R6
0x0007       [1]    R7
0x0008       [1]    R8
0x0009       [1]    R9
0x000A       [1]    R10
0x000B       [1]    R11
0x000C       [1]    R12
0x000D       [1]    R13
0x000E       [1]    R14
0x000F       [1]    R15
0x0010       [1]    R16
0x0011       [1]    R17
0x0012       [1]    R18
0x0013       [1]    R19
0x0014       [1]    R20
0x0015      [11]    ?lstr7_MyProject
0x0020      [12]    ?lstr6_MyProject
0x002C       [1]    _vref_mask
0x002D      [17]    ?lstr1_MyProject
0x003E      [16]    ?lstr4_MyProject
0x004E      [19]    ?lstr5_MyProject
0x0061      [16]    ?lstr2_MyProject
0x0071      [12]    ?lstr3_MyProject
0x007D       [0]    __Lib_Lcd_cmd_status
0x007E       [6]    main_txtTemperatura_L0
0x0084       [2]    FARG_WordToStr_input
0x0084       [2]    FARG_Lcd_Out_CP_text
0x0084       [1]    FARG_Lcd_Out_row
0x0084       [1]    FARG_ADC_Read_channel
0x0084       [2]    FARG_Button_port
0x0085       [1]    FARG_Lcd_Out_column
0x0086       [2]    FARG_WordToStr_output
0x0086       [2]    FARG_Lcd_Out_text
0x0086       [1]    Lcd_Out_CP_i_L0
0x0086       [1]    FARG_Button_pin
0x0087       [1]    FARG_Button_time_ms
0x0088       [1]    WordToStr_len_L0
0x0088       [1]    FARG_Button_active_state
0x0088       [1]    Lcd_Out_i_L0
0x0089       [2]    FLOC__WordToStr
0x0089       [1]    Button_pMask_L0
0x008A       [1]    Button_rslt_L0
0x008B       [1]    FARG_Lcd_Chr_CP_out_char
0x008C       [1]    FARG_Lcd_Cmd_out_char
0x0F81       [1]    PORTB
0x0F82       [1]    PORTC
0x0F83       [0]    LCD_D6
0x0F83       [0]    LCD_D5
0x0F83       [0]    LCD_D4
0x0F83       [0]    LCD_D7
0x0F83       [0]    RD5_bit
0x0F83       [0]    RD4_bit
0x0F83       [0]    RD7_bit
0x0F83       [0]    RD6_bit
0x0F84       [0]    RE2_bit
0x0F84       [0]    RE1_bit
0x0F84       [0]    LCD_EN
0x0F84       [0]    LCD_RS
0x0F93       [1]    TRISB
0x0F94       [1]    TRISC
0x0F95       [0]    LCD_D4_Direction
0x0F95       [0]    TRISD4_bit
0x0F95       [0]    TRISD5_bit
0x0F95       [0]    LCD_D7_Direction
0x0F95       [0]    LCD_D6_Direction
0x0F95       [0]    LCD_D5_Direction
0x0F95       [0]    TRISD6_bit
0x0F95       [0]    TRISD7_bit
0x0F96       [0]    LCD_RS_Direction
0x0F96       [0]    LCD_EN_Direction
0x0F96       [0]    TRISE1_bit
0x0F96       [0]    TRISE2_bit
0x0FC0       [1]    ADCON2
0x0FC1       [1]    ADCON1
0x0FC2       [1]    ADCON0
0x0FC3       [1]    ADRESL
0x0FC4       [1]    ADRESH
0x0FD8       [1]    STATUS
0x0FD9       [1]    FSR2L
0x0FDA       [1]    FSR2H
0x0FDE       [1]    POSTINC2
0x0FE0       [1]    BSR
0x0FE1       [1]    FSR1L
0x0FE2       [1]    FSR1H
0x0FE4       [1]    PREINC1
0x0FE6       [1]    POSTINC1
0x0FE7       [1]    INDF1
0x0FE8       [1]    WREG
0x0FE9       [1]    FSR0L
0x0FEA       [1]    FSR0H
0x0FEE       [1]    POSTINC0
0x0FF3       [1]    PRODL
0x0FF4       [1]    PRODH
0x0FF5       [1]    TABLAT
0x0FF6       [3]    TBLPTR
0x0FF6       [1]    TBLPTRL
0x0FF7       [1]    TBLPTRH
0x0FF8       [1]    TBLPTRU
//** Constants locations ** 
//ADDRESS    SIZE    CONSTANT
//----------------------------------------------
0x0712      [11]    ?ICS?lstr7_MyProject
0x071D      [12]    ?ICS?lstr6_MyProject
0x0729       [1]    ?ICS_vref_mask
0x072A      [17]    ?ICS?lstr1_MyProject
0x073B      [16]    ?ICS?lstr4_MyProject
0x074B      [19]    ?ICS?lstr5_MyProject
0x075E      [16]    ?ICS?lstr2_MyProject
0x076E      [12]    ?ICS?lstr3_MyProject
