;  LST file generated by mikroListExporter - v.2.0 
; Date/Time: 25/08/2022 08:39:30
;----------------------------------------------

;Address Opcode 	ASM
0x0000	0xF001EF95  	GOTO        810
0x0004	0x0000      	NOP
0x0006	0x0000      	NOP
0x0008	0xF000EF00  	GOTO        0
0x000C	0x0000      	NOP
0x000E	0x0000      	NOP
0x0010	0x0000      	NOP
0x0012	0x0000      	NOP
0x0014	0x0000      	NOP
0x0016	0x0000      	NOP
0x0018	0xD7F3      	BRA         0
_Delay_50us:
;__Lib_Delays.c,19 :: 		void Delay_50us() {
;__Lib_Delays.c,20 :: 		Delay_us(50);
0x001C	0x0E03      	MOVLW       3
0x001E	0x6E0D      	MOVWF       R13, 0
L_Delay_50us0:
0x0020	0x2E0D      	DECFSZ      R13, 1, 0
0x0022	0xD7FE      	BRA         L_Delay_50us0
0x0024	0x0000      	NOP
0x0026	0x0000      	NOP
;__Lib_Delays.c,21 :: 		}
L_end_Delay_50us:
0x0028	0x0012      	RETURN      0
; end of _Delay_50us
_Delay_5500us:
;__Lib_Delays.c,31 :: 		void Delay_5500us() {
;__Lib_Delays.c,32 :: 		Delay_us(5500);
0x002A	0x0E02      	MOVLW       2
0x002C	0x6E0C      	MOVWF       R12, 0
0x002E	0x0EC8      	MOVLW       200
0x0030	0x6E0D      	MOVWF       R13, 0
L_Delay_5500us3:
0x0032	0x2E0D      	DECFSZ      R13, 1, 0
0x0034	0xD7FE      	BRA         L_Delay_5500us3
0x0036	0x2E0C      	DECFSZ      R12, 1, 0
0x0038	0xD7FC      	BRA         L_Delay_5500us3
;__Lib_Delays.c,33 :: 		}
L_end_Delay_5500us:
0x003A	0x0012      	RETURN      0
; end of _Delay_5500us
_Delay_1us:
;__Lib_Delays.c,7 :: 		void Delay_1us() {
;__Lib_Delays.c,9 :: 		}
L_end_Delay_1us:
0x003C	0x0012      	RETURN      0
; end of _Delay_1us
_Lcd_Cmd:
;__Lib_Lcd.c,18 :: 		
;__Lib_Lcd.c,20 :: 		
0x003E	0x0100      	MOVLB       0
0x0040	0xBF62      	BTFSC       FARG_Lcd_Cmd_out_char, 7, 1
0x0042	0xD002      	BRA         L__Lcd_Cmd21
0x0044	0x9E83      	BCF         LCD_D7, BitPos(LCD_D7+0) 
0x0046	0xD001      	BRA         L__Lcd_Cmd22
L__Lcd_Cmd21:
0x0048	0x8E83      	BSF         LCD_D7, BitPos(LCD_D7+0) 
L__Lcd_Cmd22:
;__Lib_Lcd.c,21 :: 		
0x004A	0xBD62      	BTFSC       FARG_Lcd_Cmd_out_char, 6, 1
0x004C	0xD002      	BRA         L__Lcd_Cmd23
0x004E	0x9C83      	BCF         LCD_D6, BitPos(LCD_D6+0) 
0x0050	0xD001      	BRA         L__Lcd_Cmd24
L__Lcd_Cmd23:
0x0052	0x8C83      	BSF         LCD_D6, BitPos(LCD_D6+0) 
L__Lcd_Cmd24:
;__Lib_Lcd.c,22 :: 		
0x0054	0xBB62      	BTFSC       FARG_Lcd_Cmd_out_char, 5, 1
0x0056	0xD002      	BRA         L__Lcd_Cmd25
0x0058	0x9A83      	BCF         LCD_D5, BitPos(LCD_D5+0) 
0x005A	0xD001      	BRA         L__Lcd_Cmd26
L__Lcd_Cmd25:
0x005C	0x8A83      	BSF         LCD_D5, BitPos(LCD_D5+0) 
L__Lcd_Cmd26:
;__Lib_Lcd.c,23 :: 		
0x005E	0xB962      	BTFSC       FARG_Lcd_Cmd_out_char, 4, 1
0x0060	0xD002      	BRA         L__Lcd_Cmd27
0x0062	0x9883      	BCF         LCD_D4, BitPos(LCD_D4+0) 
0x0064	0xD001      	BRA         L__Lcd_Cmd28
L__Lcd_Cmd27:
0x0066	0x8883      	BSF         LCD_D4, BitPos(LCD_D4+0) 
L__Lcd_Cmd28:
;__Lib_Lcd.c,25 :: 		
0x0068	0xB051      	BTFSC       __Lib_Lcd_cmd_status, BitPos(__Lib_Lcd_cmd_status+0) 
0x006A	0xD002      	BRA         L__Lcd_Cmd29
0x006C	0x8484      	BSF         LCD_RS, BitPos(LCD_RS+0) 
0x006E	0xD001      	BRA         L__Lcd_Cmd30
L__Lcd_Cmd29:
0x0070	0x9484      	BCF         LCD_RS, BitPos(LCD_RS+0) 
L__Lcd_Cmd30:
;__Lib_Lcd.c,28 :: 		
0x0072	0x8284      	BSF         LCD_EN, BitPos(LCD_EN+0) 
;__Lib_Lcd.c,29 :: 		
0x0074	0xDFE3      	RCALL       _Delay_1us
;__Lib_Lcd.c,30 :: 		
0x0076	0x9284      	BCF         LCD_EN, BitPos(LCD_EN+0) 
;__Lib_Lcd.c,33 :: 		
0x0078	0xB762      	BTFSC       FARG_Lcd_Cmd_out_char, 3, 1
0x007A	0xD002      	BRA         L__Lcd_Cmd31
0x007C	0x9E83      	BCF         LCD_D7, BitPos(LCD_D7+0) 
0x007E	0xD001      	BRA         L__Lcd_Cmd32
L__Lcd_Cmd31:
0x0080	0x8E83      	BSF         LCD_D7, BitPos(LCD_D7+0) 
L__Lcd_Cmd32:
;__Lib_Lcd.c,34 :: 		
0x0082	0xB562      	BTFSC       FARG_Lcd_Cmd_out_char, 2, 1
0x0084	0xD002      	BRA         L__Lcd_Cmd33
0x0086	0x9C83      	BCF         LCD_D6, BitPos(LCD_D6+0) 
0x0088	0xD001      	BRA         L__Lcd_Cmd34
L__Lcd_Cmd33:
0x008A	0x8C83      	BSF         LCD_D6, BitPos(LCD_D6+0) 
L__Lcd_Cmd34:
;__Lib_Lcd.c,35 :: 		
0x008C	0xB362      	BTFSC       FARG_Lcd_Cmd_out_char, 1, 1
0x008E	0xD002      	BRA         L__Lcd_Cmd35
0x0090	0x9A83      	BCF         LCD_D5, BitPos(LCD_D5+0) 
0x0092	0xD001      	BRA         L__Lcd_Cmd36
L__Lcd_Cmd35:
0x0094	0x8A83      	BSF         LCD_D5, BitPos(LCD_D5+0) 
L__Lcd_Cmd36:
;__Lib_Lcd.c,36 :: 		
0x0096	0xB162      	BTFSC       FARG_Lcd_Cmd_out_char, 0, 1
0x0098	0xD002      	BRA         L__Lcd_Cmd37
0x009A	0x9883      	BCF         LCD_D4, BitPos(LCD_D4+0) 
0x009C	0xD001      	BRA         L__Lcd_Cmd38
L__Lcd_Cmd37:
0x009E	0x8883      	BSF         LCD_D4, BitPos(LCD_D4+0) 
L__Lcd_Cmd38:
;__Lib_Lcd.c,38 :: 		
0x00A0	0xB051      	BTFSC       __Lib_Lcd_cmd_status, BitPos(__Lib_Lcd_cmd_status+0) 
0x00A2	0xD002      	BRA         L__Lcd_Cmd39
0x00A4	0x8484      	BSF         LCD_RS, BitPos(LCD_RS+0) 
0x00A6	0xD001      	BRA         L__Lcd_Cmd40
L__Lcd_Cmd39:
0x00A8	0x9484      	BCF         LCD_RS, BitPos(LCD_RS+0) 
L__Lcd_Cmd40:
;__Lib_Lcd.c,40 :: 		
0x00AA	0x8284      	BSF         LCD_EN, BitPos(LCD_EN+0) 
;__Lib_Lcd.c,41 :: 		
0x00AC	0xDFC7      	RCALL       _Delay_1us
;__Lib_Lcd.c,42 :: 		
0x00AE	0x9284      	BCF         LCD_EN, BitPos(LCD_EN+0) 
;__Lib_Lcd.c,44 :: 		
0x00B0	0xA051      	BTFSS       __Lib_Lcd_cmd_status, BitPos(__Lib_Lcd_cmd_status+0) 
0x00B2	0xD002      	BRA         L_Lcd_Cmd0
;__Lib_Lcd.c,45 :: 		
0x00B4	0xDFBA      	RCALL       _Delay_5500us
0x00B6	0xD001      	BRA         L_Lcd_Cmd1
L_Lcd_Cmd0:
;__Lib_Lcd.c,47 :: 		
0x00B8	0xDFB1      	RCALL       _Delay_50us
L_Lcd_Cmd1:
;__Lib_Lcd.c,48 :: 		
L_end_Lcd_Cmd:
0x00BA	0x0012      	RETURN      0
; end of _Lcd_Cmd
_Lcd_Chr_CP:
;__Lib_Lcd.c,50 :: 		
;__Lib_Lcd.c,52 :: 		
0x00BC	0x9051      	BCF         __Lib_Lcd_cmd_status, BitPos(__Lib_Lcd_cmd_status+0) 
;__Lib_Lcd.c,53 :: 		
0x00BE	0xF062C061  	MOVFF       FARG_Lcd_Chr_CP_out_char, FARG_Lcd_Cmd_out_char
0x00C2	0xDFBD      	RCALL       _Lcd_Cmd
;__Lib_Lcd.c,54 :: 		
0x00C4	0x8051      	BSF         __Lib_Lcd_cmd_status, BitPos(__Lib_Lcd_cmd_status+0) 
;__Lib_Lcd.c,55 :: 		
L_end_Lcd_Chr_CP:
0x00C6	0x0012      	RETURN      0
; end of _Lcd_Chr_CP
_Delay_500us:
;__Lib_Delays.c,27 :: 		void Delay_500us() {
;__Lib_Delays.c,28 :: 		Delay_us(498);
0x00C8	0x0E29      	MOVLW       41
0x00CA	0x6E0D      	MOVWF       R13, 0
L_Delay_500us2:
0x00CC	0x2E0D      	DECFSZ      R13, 1, 0
0x00CE	0xD7FE      	BRA         L_Delay_500us2
;__Lib_Delays.c,29 :: 		}
L_end_Delay_500us:
0x00D0	0x0012      	RETURN      0
; end of _Delay_500us
_Div_16X16_U:
;__Lib_Math.c,102 :: 		
;__Lib_Math.c,109 :: 		
0x00D2	0x6A08      	CLRF        R8, 0
;__Lib_Math.c,110 :: 		
0x00D4	0x6A09      	CLRF        R9, 0
;__Lib_Math.c,111 :: 		
0x00D6	0x0E10      	MOVLW       16
;__Lib_Math.c,112 :: 		
0x00D8	0x6E0C      	MOVWF       R12, 0
;__Lib_Math.c,113 :: 		
0x00DA	0x3401      	RLCF        R1, 0, 0
;__Lib_Math.c,114 :: 		
0x00DC	0x3608      	RLCF        R8, 1, 0
;__Lib_Math.c,115 :: 		
0x00DE	0x3609      	RLCF        R9, 1, 0
;__Lib_Math.c,116 :: 		
0x00E0	0x5004      	MOVF        R4, 0, 0
;__Lib_Math.c,117 :: 		
0x00E2	0x5E08      	SUBWF       R8, 1, 0
;__Lib_Math.c,118 :: 		
0x00E4	0x5005      	MOVF        R5, 0, 0
;__Lib_Math.c,119 :: 		
0x00E6	0xA0D8      	BTFSS       STATUS, 0, 0
;__Lib_Math.c,120 :: 		
0x00E8	0x3C05      	INCFSZ      R5, 0, 0
;__Lib_Math.c,121 :: 		
0x00EA	0x5E09      	SUBWF       R9, 1, 0
;__Lib_Math.c,122 :: 		
0x00EC	0xB0D8      	BTFSC       STATUS, 0, 0
;__Lib_Math.c,123 :: 		
0x00EE	0xD007      	BRA         $+16
;__Lib_Math.c,124 :: 		
0x00F0	0x5004      	MOVF        R4, 0, 0
;__Lib_Math.c,125 :: 		
0x00F2	0x2608      	ADDWF       R8, 1, 0
;__Lib_Math.c,126 :: 		
0x00F4	0x5005      	MOVF        R5, 0, 0
;__Lib_Math.c,127 :: 		
0x00F6	0xB0D8      	BTFSC       STATUS, 0, 0
;__Lib_Math.c,128 :: 		
0x00F8	0x3C05      	INCFSZ      R5, 0, 0
;__Lib_Math.c,129 :: 		
0x00FA	0x2609      	ADDWF       R9, 1, 0
;__Lib_Math.c,130 :: 		
0x00FC	0x90D8      	BCF         STATUS, 0, 0
;__Lib_Math.c,131 :: 		
0x00FE	0x3600      	RLCF        R0, 1, 0
;__Lib_Math.c,132 :: 		
0x0100	0x3601      	RLCF        R1, 1, 0
;__Lib_Math.c,133 :: 		
0x0102	0x2E0C      	DECFSZ      R12, 1, 0
;__Lib_Math.c,134 :: 		
0x0104	0xD7EA      	BRA         $-42
;__Lib_Math.c,136 :: 		
L_end_Div_16X16_U:
0x0106	0x0012      	RETURN      0
; end of _Div_16X16_U
_Lcd_Init:
;__Lib_Lcd.c,84 :: 		
;__Lib_Lcd.c,86 :: 		
0x0108	0x9296      	BCF         LCD_EN_Direction, BitPos(LCD_EN_Direction+0) 
;__Lib_Lcd.c,87 :: 		
0x010A	0x9496      	BCF         LCD_RS_Direction, BitPos(LCD_RS_Direction+0) 
;__Lib_Lcd.c,88 :: 		
0x010C	0x9895      	BCF         LCD_D4_Direction, BitPos(LCD_D4_Direction+0) 
;__Lib_Lcd.c,89 :: 		
0x010E	0x9A95      	BCF         LCD_D5_Direction, BitPos(LCD_D5_Direction+0) 
;__Lib_Lcd.c,90 :: 		
0x0110	0x9C95      	BCF         LCD_D6_Direction, BitPos(LCD_D6_Direction+0) 
;__Lib_Lcd.c,91 :: 		
0x0112	0x9E95      	BCF         LCD_D7_Direction, BitPos(LCD_D7_Direction+0) 
;__Lib_Lcd.c,93 :: 		
0x0114	0x9284      	BCF         LCD_EN, BitPos(LCD_EN+0) 
;__Lib_Lcd.c,94 :: 		
0x0116	0x9484      	BCF         LCD_RS, BitPos(LCD_RS+0) 
;__Lib_Lcd.c,95 :: 		
0x0118	0x9E83      	BCF         LCD_D7, BitPos(LCD_D7+0) 
;__Lib_Lcd.c,96 :: 		
0x011A	0x9C83      	BCF         LCD_D6, BitPos(LCD_D6+0) 
;__Lib_Lcd.c,97 :: 		
0x011C	0x9A83      	BCF         LCD_D5, BitPos(LCD_D5+0) 
;__Lib_Lcd.c,98 :: 		
0x011E	0x9883      	BCF         LCD_D4, BitPos(LCD_D4+0) 
;__Lib_Lcd.c,100 :: 		
0x0120	0xDF84      	RCALL       _Delay_5500us
;__Lib_Lcd.c,101 :: 		
0x0122	0xDF83      	RCALL       _Delay_5500us
;__Lib_Lcd.c,102 :: 		
0x0124	0xDF82      	RCALL       _Delay_5500us
;__Lib_Lcd.c,105 :: 		
0x0126	0x8A83      	BSF         LCD_D5, BitPos(LCD_D5+0) 
;__Lib_Lcd.c,106 :: 		
0x0128	0x8883      	BSF         LCD_D4, BitPos(LCD_D4+0) 
;__Lib_Lcd.c,107 :: 		
0x012A	0x8284      	BSF         LCD_EN, BitPos(LCD_EN+0) 
;__Lib_Lcd.c,108 :: 		
0x012C	0xDF87      	RCALL       _Delay_1us
;__Lib_Lcd.c,109 :: 		
0x012E	0x9284      	BCF         LCD_EN, BitPos(LCD_EN+0) 
;__Lib_Lcd.c,110 :: 		
0x0130	0xDF7C      	RCALL       _Delay_5500us
;__Lib_Lcd.c,112 :: 		
0x0132	0x8284      	BSF         LCD_EN, BitPos(LCD_EN+0) 
;__Lib_Lcd.c,113 :: 		
0x0134	0xDF83      	RCALL       _Delay_1us
;__Lib_Lcd.c,114 :: 		
0x0136	0x9284      	BCF         LCD_EN, BitPos(LCD_EN+0) 
;__Lib_Lcd.c,115 :: 		
0x0138	0xDF78      	RCALL       _Delay_5500us
;__Lib_Lcd.c,117 :: 		
0x013A	0x8284      	BSF         LCD_EN, BitPos(LCD_EN+0) 
;__Lib_Lcd.c,118 :: 		
0x013C	0xDF7F      	RCALL       _Delay_1us
;__Lib_Lcd.c,119 :: 		
0x013E	0x9284      	BCF         LCD_EN, BitPos(LCD_EN+0) 
;__Lib_Lcd.c,120 :: 		
0x0140	0xDF74      	RCALL       _Delay_5500us
;__Lib_Lcd.c,123 :: 		
0x0142	0x9883      	BCF         LCD_D4, BitPos(LCD_D4+0) 
;__Lib_Lcd.c,124 :: 		
0x0144	0x8284      	BSF         LCD_EN, BitPos(LCD_EN+0) 
;__Lib_Lcd.c,125 :: 		
0x0146	0xDF7A      	RCALL       _Delay_1us
;__Lib_Lcd.c,126 :: 		
0x0148	0x9284      	BCF         LCD_EN, BitPos(LCD_EN+0) 
;__Lib_Lcd.c,127 :: 		
0x014A	0xDF6F      	RCALL       _Delay_5500us
;__Lib_Lcd.c,130 :: 		
0x014C	0x8284      	BSF         LCD_EN, BitPos(LCD_EN+0) 
;__Lib_Lcd.c,131 :: 		
0x014E	0xDF76      	RCALL       _Delay_1us
;__Lib_Lcd.c,132 :: 		
0x0150	0x9284      	BCF         LCD_EN, BitPos(LCD_EN+0) 
;__Lib_Lcd.c,134 :: 		
0x0152	0x9A83      	BCF         LCD_D5, BitPos(LCD_D5+0) 
;__Lib_Lcd.c,135 :: 		
0x0154	0x8E83      	BSF         LCD_D7, BitPos(LCD_D7+0) 
;__Lib_Lcd.c,136 :: 		
0x0156	0x8284      	BSF         LCD_EN, BitPos(LCD_EN+0) 
;__Lib_Lcd.c,137 :: 		
0x0158	0xDF71      	RCALL       _Delay_1us
;__Lib_Lcd.c,138 :: 		
0x015A	0x9284      	BCF         LCD_EN, BitPos(LCD_EN+0) 
;__Lib_Lcd.c,139 :: 		
0x015C	0xDF66      	RCALL       _Delay_5500us
;__Lib_Lcd.c,142 :: 		
0x015E	0x9E83      	BCF         LCD_D7, BitPos(LCD_D7+0) 
;__Lib_Lcd.c,143 :: 		
0x0160	0x8883      	BSF         LCD_D4, BitPos(LCD_D4+0) 
;__Lib_Lcd.c,144 :: 		
0x0162	0x8284      	BSF         LCD_EN, BitPos(LCD_EN+0) 
;__Lib_Lcd.c,145 :: 		
0x0164	0xDF6B      	RCALL       _Delay_1us
;__Lib_Lcd.c,146 :: 		
0x0166	0x9284      	BCF         LCD_EN, BitPos(LCD_EN+0) 
;__Lib_Lcd.c,148 :: 		
0x0168	0x9883      	BCF         LCD_D4, BitPos(LCD_D4+0) 
;__Lib_Lcd.c,149 :: 		
0x016A	0x8284      	BSF         LCD_EN, BitPos(LCD_EN+0) 
;__Lib_Lcd.c,150 :: 		
0x016C	0xDF67      	RCALL       _Delay_1us
;__Lib_Lcd.c,151 :: 		
0x016E	0x9284      	BCF         LCD_EN, BitPos(LCD_EN+0) 
;__Lib_Lcd.c,152 :: 		
0x0170	0xDF5C      	RCALL       _Delay_5500us
;__Lib_Lcd.c,155 :: 		
0x0172	0x8284      	BSF         LCD_EN, BitPos(LCD_EN+0) 
;__Lib_Lcd.c,156 :: 		
0x0174	0xDF63      	RCALL       _Delay_1us
;__Lib_Lcd.c,157 :: 		
0x0176	0x9284      	BCF         LCD_EN, BitPos(LCD_EN+0) 
;__Lib_Lcd.c,159 :: 		
0x0178	0x8883      	BSF         LCD_D4, BitPos(LCD_D4+0) 
;__Lib_Lcd.c,160 :: 		
0x017A	0x8284      	BSF         LCD_EN, BitPos(LCD_EN+0) 
;__Lib_Lcd.c,161 :: 		
0x017C	0xDF5F      	RCALL       _Delay_1us
;__Lib_Lcd.c,162 :: 		
0x017E	0x9284      	BCF         LCD_EN, BitPos(LCD_EN+0) 
;__Lib_Lcd.c,163 :: 		
0x0180	0xDF54      	RCALL       _Delay_5500us
;__Lib_Lcd.c,166 :: 		
0x0182	0x9883      	BCF         LCD_D4, BitPos(LCD_D4+0) 
;__Lib_Lcd.c,167 :: 		
0x0184	0x8284      	BSF         LCD_EN, BitPos(LCD_EN+0) 
;__Lib_Lcd.c,168 :: 		
0x0186	0xDF5A      	RCALL       _Delay_1us
;__Lib_Lcd.c,169 :: 		
0x0188	0x9284      	BCF         LCD_EN, BitPos(LCD_EN+0) 
;__Lib_Lcd.c,171 :: 		
0x018A	0x8E83      	BSF         LCD_D7, BitPos(LCD_D7+0) 
;__Lib_Lcd.c,172 :: 		
0x018C	0x8C83      	BSF         LCD_D6, BitPos(LCD_D6+0) 
;__Lib_Lcd.c,173 :: 		
0x018E	0x8A83      	BSF         LCD_D5, BitPos(LCD_D5+0) 
;__Lib_Lcd.c,174 :: 		
0x0190	0x8883      	BSF         LCD_D4, BitPos(LCD_D4+0) 
;__Lib_Lcd.c,175 :: 		
0x0192	0x8284      	BSF         LCD_EN, BitPos(LCD_EN+0) 
;__Lib_Lcd.c,176 :: 		
0x0194	0xDF53      	RCALL       _Delay_1us
;__Lib_Lcd.c,177 :: 		
0x0196	0x9284      	BCF         LCD_EN, BitPos(LCD_EN+0) 
;__Lib_Lcd.c,179 :: 		
0x0198	0xDF48      	RCALL       _Delay_5500us
;__Lib_Lcd.c,181 :: 		
0x019A	0x8051      	BSF         __Lib_Lcd_cmd_status, BitPos(__Lib_Lcd_cmd_status+0) 
;__Lib_Lcd.c,182 :: 		
L_end_Lcd_Init:
0x019C	0x0012      	RETURN      0
; end of _Lcd_Init
___CC2DW:
;__Lib_System.c,21 :: 		
;__Lib_System.c,23 :: 		
_CC2DL_Loop1:
;__Lib_System.c,24 :: 		
0x019E	0x0009      	TBLRD*+
;__Lib_System.c,25 :: 		
0x01A0	0xFFE6CFF5  	MOVFF       TABLAT, POSTINC1
;__Lib_System.c,26 :: 		
0x01A4	0x0600      	DECF        R0, 1, 0
;__Lib_System.c,27 :: 		
0x01A6	0xE1FB      	BNZ         _CC2DL_Loop1
;__Lib_System.c,28 :: 		
0x01A8	0x0601      	DECF        R1, 1, 0
;__Lib_System.c,29 :: 		
0x01AA	0xE1F9      	BNZ         _CC2DL_Loop1
;__Lib_System.c,31 :: 		
L_end___CC2DW:
0x01AC	0x0012      	RETURN      0
; end of ___CC2DW
_Lcd_Out:
;__Lib_Lcd.c,184 :: 		
;__Lib_Lcd.c,187 :: 		
0x01AE	0xD00F      	BRA         L_Lcd_Out11
;__Lib_Lcd.c,188 :: 		
L_Lcd_Out13:
0x01B0	0x0E80      	MOVLW       128
0x01B2	0x6E5A      	MOVWF       FARG_Lcd_Out_row 
0x01B4	0xD019      	BRA         L_Lcd_Out12
;__Lib_Lcd.c,189 :: 		
L_Lcd_Out14:
0x01B6	0x0EC0      	MOVLW       192
0x01B8	0x6E5A      	MOVWF       FARG_Lcd_Out_row 
0x01BA	0xD016      	BRA         L_Lcd_Out12
;__Lib_Lcd.c,190 :: 		
L_Lcd_Out15:
0x01BC	0x0E94      	MOVLW       148
0x01BE	0x6E5A      	MOVWF       FARG_Lcd_Out_row 
0x01C0	0xD013      	BRA         L_Lcd_Out12
;__Lib_Lcd.c,191 :: 		
L_Lcd_Out16:
0x01C2	0x0ED4      	MOVLW       212
0x01C4	0x6E5A      	MOVWF       FARG_Lcd_Out_row 
0x01C6	0xD010      	BRA         L_Lcd_Out12
;__Lib_Lcd.c,192 :: 		
L_Lcd_Out17:
0x01C8	0x0E80      	MOVLW       128
0x01CA	0x6E5A      	MOVWF       FARG_Lcd_Out_row 
;__Lib_Lcd.c,193 :: 		
0x01CC	0xD00D      	BRA         L_Lcd_Out12
L_Lcd_Out11:
0x01CE	0x505A      	MOVF        FARG_Lcd_Out_row, 0 
0x01D0	0x0A01      	XORLW       1
0x01D2	0xE0EE      	BZ          L_Lcd_Out13
0x01D4	0x505A      	MOVF        FARG_Lcd_Out_row, 0 
0x01D6	0x0A02      	XORLW       2
0x01D8	0xE0EE      	BZ          L_Lcd_Out14
0x01DA	0x505A      	MOVF        FARG_Lcd_Out_row, 0 
0x01DC	0x0A03      	XORLW       3
0x01DE	0xE0EE      	BZ          L_Lcd_Out15
0x01E0	0x505A      	MOVF        FARG_Lcd_Out_row, 0 
0x01E2	0x0A04      	XORLW       4
0x01E4	0xE0EE      	BZ          L_Lcd_Out16
0x01E6	0xD7F0      	BRA         L_Lcd_Out17
L_Lcd_Out12:
;__Lib_Lcd.c,194 :: 		
0x01E8	0x045B      	DECF        FARG_Lcd_Out_column, 0 
0x01EA	0x6E00      	MOVWF       R0 
0x01EC	0x505A      	MOVF        FARG_Lcd_Out_row, 0 
0x01EE	0x2600      	ADDWF       R0, 1 
0x01F0	0xF05AC000  	MOVFF       R0, FARG_Lcd_Out_row
;__Lib_Lcd.c,196 :: 		
0x01F4	0xF062C000  	MOVFF       R0, FARG_Lcd_Cmd_out_char
0x01F8	0xDF22      	RCALL       _Lcd_Cmd
;__Lib_Lcd.c,197 :: 		
0x01FA	0x9051      	BCF         __Lib_Lcd_cmd_status, BitPos(__Lib_Lcd_cmd_status+0) 
;__Lib_Lcd.c,198 :: 		
0x01FC	0x6A5E      	CLRF        Lcd_Out_i_L0 
;__Lib_Lcd.c,199 :: 		
L_Lcd_Out18:
0x01FE	0x505E      	MOVF        Lcd_Out_i_L0, 0 
0x0200	0x245C      	ADDWF       FARG_Lcd_Out_text, 0 
0x0202	0x6EE9      	MOVWF       FSR0L 
0x0204	0x0E00      	MOVLW       0
0x0206	0x205D      	ADDWFC      FARG_Lcd_Out_text+1, 0 
0x0208	0x6EEA      	MOVWF       FSR0L+1 
0x020A	0x52EE      	MOVF        POSTINC0, 1 
0x020C	0xE00B      	BZ          L_Lcd_Out19
;__Lib_Lcd.c,200 :: 		
0x020E	0x505E      	MOVF        Lcd_Out_i_L0, 0 
0x0210	0x245C      	ADDWF       FARG_Lcd_Out_text, 0 
0x0212	0x6EE9      	MOVWF       FSR0L 
0x0214	0x0E00      	MOVLW       0
0x0216	0x205D      	ADDWFC      FARG_Lcd_Out_text+1, 0 
0x0218	0x6EEA      	MOVWF       FSR0L+1 
0x021A	0xF061CFEE  	MOVFF       POSTINC0, FARG_Lcd_Chr_CP_out_char
0x021E	0xDF4E      	RCALL       _Lcd_Chr_CP
0x0220	0x2A5E      	INCF        Lcd_Out_i_L0, 1 
0x0222	0xD7ED      	BRA         L_Lcd_Out18
L_Lcd_Out19:
;__Lib_Lcd.c,201 :: 		
0x0224	0x8051      	BSF         __Lib_Lcd_cmd_status, BitPos(__Lib_Lcd_cmd_status+0) 
;__Lib_Lcd.c,202 :: 		
L_end_Lcd_Out:
0x0226	0x0012      	RETURN      0
; end of _Lcd_Out
_WordToStr:
;__Lib_Conversions.c,98 :: 		
;__Lib_Conversions.c,103 :: 		
0x0228	0x6A5E      	CLRF        WordToStr_len_L0 
L_WordToStr11:
0x022A	0x0E05      	MOVLW       5
0x022C	0x5C5E      	SUBWF       WordToStr_len_L0, 0 
0x022E	0xE20A      	BC          L_WordToStr12
;__Lib_Conversions.c,104 :: 		
0x0230	0x505E      	MOVF        WordToStr_len_L0, 0 
0x0232	0x245C      	ADDWF       FARG_WordToStr_output, 0 
0x0234	0x6EE1      	MOVWF       FSR1L 
0x0236	0x0E00      	MOVLW       0
0x0238	0x205D      	ADDWFC      FARG_WordToStr_output+1, 0 
0x023A	0x6EE2      	MOVWF       FSR1L+1 
0x023C	0x0E20      	MOVLW       32
0x023E	0x6EE6      	MOVWF       POSTINC1 
;__Lib_Conversions.c,103 :: 		
0x0240	0x2A5E      	INCF        WordToStr_len_L0, 1 
;__Lib_Conversions.c,104 :: 		
0x0242	0xD7F3      	BRA         L_WordToStr11
L_WordToStr12:
;__Lib_Conversions.c,105 :: 		
0x0244	0x505E      	MOVF        WordToStr_len_L0, 0 
0x0246	0x245C      	ADDWF       FARG_WordToStr_output, 0 
0x0248	0x6EE1      	MOVWF       FSR1L 
0x024A	0x0E00      	MOVLW       0
0x024C	0x205D      	ADDWFC      FARG_WordToStr_output+1, 0 
0x024E	0x6EE2      	MOVWF       FSR1L+1 
0x0250	0x6AE6      	CLRF        POSTINC1 
0x0252	0x065E      	DECF        WordToStr_len_L0, 1 
;__Lib_Conversions.c,107 :: 		
L_WordToStr14:
;__Lib_Conversions.c,108 :: 		
0x0254	0x505E      	MOVF        WordToStr_len_L0, 0 
0x0256	0x245C      	ADDWF       FARG_WordToStr_output, 0 
0x0258	0x6E5F      	MOVWF       FLOC__WordToStr 
0x025A	0x0E00      	MOVLW       0
0x025C	0x205D      	ADDWFC      FARG_WordToStr_output+1, 0 
0x025E	0x0100      	MOVLB       0
0x0260	0x6F60      	MOVWF       FLOC__WordToStr+1, 1
0x0262	0x0E0A      	MOVLW       10
0x0264	0x6E04      	MOVWF       R4 
0x0266	0x0E00      	MOVLW       0
0x0268	0x6E05      	MOVWF       R5 
0x026A	0xF000C05A  	MOVFF       FARG_WordToStr_input, R0
0x026E	0xF001C05B  	MOVFF       FARG_WordToStr_input+1, R1
0x0272	0xDF2F      	RCALL       _Div_16X16_U
0x0274	0xF000C008  	MOVFF       R8, R0
0x0278	0xF001C009  	MOVFF       R9, R1
0x027C	0x0E30      	MOVLW       48
0x027E	0x2600      	ADDWF       R0, 1 
0x0280	0xFFE1C05F  	MOVFF       FLOC__WordToStr, FSR1L
0x0284	0xFFE2C060  	MOVFF       FLOC__WordToStr+1, FSR1H
0x0288	0xFFE6C000  	MOVFF       R0, POSTINC1
;__Lib_Conversions.c,109 :: 		
0x028C	0x0E0A      	MOVLW       10
0x028E	0x6E04      	MOVWF       R4 
0x0290	0x0E00      	MOVLW       0
0x0292	0x6E05      	MOVWF       R5 
0x0294	0xF000C05A  	MOVFF       FARG_WordToStr_input, R0
0x0298	0xF001C05B  	MOVFF       FARG_WordToStr_input+1, R1
0x029C	0xDF1A      	RCALL       _Div_16X16_U
0x029E	0xF05AC000  	MOVFF       R0, FARG_WordToStr_input
0x02A2	0xF05BC001  	MOVFF       R1, FARG_WordToStr_input+1
;__Lib_Conversions.c,110 :: 		
0x02A6	0x0E00      	MOVLW       0
0x02A8	0x1801      	XORWF       R1, 0 
0x02AA	0xE102      	BNZ         L__WordToStr379
0x02AC	0x0E00      	MOVLW       0
0x02AE	0x1800      	XORWF       R0, 0 
L__WordToStr379:
0x02B0	0xE101      	BNZ         L_WordToStr16
;__Lib_Conversions.c,111 :: 		
0x02B2	0xD002      	BRA         L_WordToStr15
L_WordToStr16:
;__Lib_Conversions.c,112 :: 		
0x02B4	0x065E      	DECF        WordToStr_len_L0, 1 
;__Lib_Conversions.c,113 :: 		
0x02B6	0xD7CE      	BRA         L_WordToStr14
L_WordToStr15:
;__Lib_Conversions.c,114 :: 		
L_end_WordToStr:
0x02B8	0x0012      	RETURN      0
; end of _WordToStr
_Button:
;__Lib_Button.c,6 :: 		
;__Lib_Button.c,8 :: 		
0x02BA	0x0100      	MOVLB       0
0x02BC	0x6B60      	CLRF        Button_rslt_L0, 1
;__Lib_Button.c,11 :: 		
0x02BE	0xF001C05C  	MOVFF       FARG_Button_pin, R1
0x02C2	0x0E01      	MOVLW       1
0x02C4	0x6E00      	MOVWF       R0 
0x02C6	0x5001      	MOVF        R1, 0 
L__Button5:
0x02C8	0xE004      	BZ          L__Button6
0x02CA	0x3600      	RLCF        R0, 1 
0x02CC	0x9000      	BCF         R0, 0 
0x02CE	0x0FFF      	ADDLW       255
0x02D0	0xD7FB      	BRA         L__Button5
L__Button6:
0x02D2	0xF05FC000  	MOVFF       R0, Button_pMask_L0
;__Lib_Button.c,13 :: 		
0x02D6	0xFFE9C05A  	MOVFF       FARG_Button_port, FSR0L
0x02DA	0xFFEAC05B  	MOVFF       FARG_Button_port+1, FSR0H
0x02DE	0x5000      	MOVF        R0, 0 
0x02E0	0x14EE      	ANDWF       POSTINC0, 0 
0x02E2	0x6E01      	MOVWF       R1 
0x02E4	0x5201      	MOVF        R1, 1 
0x02E6	0x0E01      	MOVLW       1
0x02E8	0xA4D8      	BTFSS       STATUS, 2 
0x02EA	0x0E00      	MOVLW       0
0x02EC	0x6E00      	MOVWF       R0 
0x02EE	0x505E      	MOVF        FARG_Button_active_state, 0 
0x02F0	0x1A00      	XORWF       R0, 1 
0x02F2	0xE018      	BZ          L_Button0
;__Lib_Button.c,15 :: 		
L_Button1:
0x02F4	0x505D      	MOVF        FARG_Button_time_ms, 0 
0x02F6	0x0800      	SUBLW       0
0x02F8	0xE204      	BC          L_Button2
;__Lib_Button.c,16 :: 		
0x02FA	0xDEE6      	RCALL       _Delay_500us
;__Lib_Button.c,17 :: 		
0x02FC	0xDEE5      	RCALL       _Delay_500us
;__Lib_Button.c,18 :: 		
0x02FE	0x065D      	DECF        FARG_Button_time_ms, 1 
;__Lib_Button.c,19 :: 		
0x0300	0xD7F9      	BRA         L_Button1
L_Button2:
;__Lib_Button.c,21 :: 		
0x0302	0xFFE9C05A  	MOVFF       FARG_Button_port, FSR0L
0x0306	0xFFEAC05B  	MOVFF       FARG_Button_port+1, FSR0H
0x030A	0x505F      	MOVF        Button_pMask_L0, 0 
0x030C	0x14EE      	ANDWF       POSTINC0, 0 
0x030E	0x6E01      	MOVWF       R1 
0x0310	0x5201      	MOVF        R1, 1 
0x0312	0x0E01      	MOVLW       1
0x0314	0xA4D8      	BTFSS       STATUS, 2 
0x0316	0x0E00      	MOVLW       0
0x0318	0x6E00      	MOVWF       R0 
0x031A	0x505E      	MOVF        FARG_Button_active_state, 0 
0x031C	0x1A00      	XORWF       R0, 1 
0x031E	0xE002      	BZ          L_Button3
;__Lib_Button.c,22 :: 		
0x0320	0x0EFF      	MOVLW       255
0x0322	0x6F60      	MOVWF       Button_rslt_L0, 1
L_Button3:
;__Lib_Button.c,23 :: 		
L_Button0:
;__Lib_Button.c,25 :: 		
0x0324	0xF000C060  	MOVFF       Button_rslt_L0, R0
;__Lib_Button.c,26 :: 		
L_end_Button:
0x0328	0x0012      	RETURN      0
; end of _Button
_main:
0x032A	0xF002EC46  	CALL        1164, 0
;MyProject3.c,17 :: 		void main() {
;MyProject3.c,18 :: 		int i = 1;
0x032E	0x0E01      	MOVLW       1
0x0330	0x6E58      	MOVWF       main_i_L0 
0x0332	0x0E00      	MOVLW       0
0x0334	0x6E59      	MOVWF       main_i_L0+1 
;MyProject3.c,20 :: 		trisb = 255;
0x0336	0x0EFF      	MOVLW       255
0x0338	0x6E93      	MOVWF       TRISB 
;MyProject3.c,21 :: 		tmr0h = 0xc2;
0x033A	0x0EC2      	MOVLW       194
0x033C	0x6ED7      	MOVWF       TMR0H 
;MyProject3.c,22 :: 		tmr0l = 0xf7;
0x033E	0x0EF7      	MOVLW       247
0x0340	0x6ED6      	MOVWF       TMR0L 
;MyProject3.c,23 :: 		t0con = 0b10000110;
0x0342	0x0E86      	MOVLW       134
0x0344	0x6ED5      	MOVWF       T0CON 
;MyProject3.c,24 :: 		lcd_init();
0x0346	0xDEE0      	RCALL       _Lcd_Init
;MyProject3.c,25 :: 		Lcd_Cmd(_LCD_CURSOR_OFF);
0x0348	0x0E0C      	MOVLW       12
0x034A	0x0100      	MOVLB       0
0x034C	0x6F62      	MOVWF       FARG_Lcd_Cmd_out_char, 1
0x034E	0xDE77      	RCALL       _Lcd_Cmd
;MyProject3.c,26 :: 		lcd_out(1,1,"Seja bem vindo!");
0x0350	0x0E01      	MOVLW       1
0x0352	0x6E5A      	MOVWF       FARG_Lcd_Out_row 
0x0354	0x0E01      	MOVLW       1
0x0356	0x6E5B      	MOVWF       FARG_Lcd_Out_column 
0x0358	0x0E2D      	MOVLW       ?lstr1_MyProject3
0x035A	0x6E5C      	MOVWF       FARG_Lcd_Out_text 
0x035C	0x0E00      	MOVLW       hi_addr(?lstr1_MyProject3)
0x035E	0x6E5D      	MOVWF       FARG_Lcd_Out_text+1 
0x0360	0xDF26      	RCALL       _Lcd_Out
;MyProject3.c,27 :: 		lcd_out(2,1,"Aperte b0 ou b1");
0x0362	0x0E02      	MOVLW       2
0x0364	0x6E5A      	MOVWF       FARG_Lcd_Out_row 
0x0366	0x0E01      	MOVLW       1
0x0368	0x6E5B      	MOVWF       FARG_Lcd_Out_column 
0x036A	0x0E3D      	MOVLW       ?lstr2_MyProject3
0x036C	0x6E5C      	MOVWF       FARG_Lcd_Out_text 
0x036E	0x0E00      	MOVLW       hi_addr(?lstr2_MyProject3)
0x0370	0x6E5D      	MOVWF       FARG_Lcd_Out_text+1 
0x0372	0xDF1D      	RCALL       _Lcd_Out
;MyProject3.c,28 :: 		while(1){
L_main0:
;MyProject3.c,29 :: 		if(button (&portb,0,1,0)==255){
0x0374	0x0E81      	MOVLW       PORTB
0x0376	0x6E5A      	MOVWF       FARG_Button_port 
0x0378	0x0E0F      	MOVLW       hi_addr(PORTB)
0x037A	0x6E5B      	MOVWF       FARG_Button_port+1 
0x037C	0x6A5C      	CLRF        FARG_Button_pin 
0x037E	0x0E01      	MOVLW       1
0x0380	0x6E5D      	MOVWF       FARG_Button_time_ms 
0x0382	0x6A5E      	CLRF        FARG_Button_active_state 
0x0384	0xDF9A      	RCALL       _Button
0x0386	0x5000      	MOVF        R0, 0 
0x0388	0x0AFF      	XORLW       255
0x038A	0xE160      	BNZ         L_main2
;MyProject3.c,30 :: 		intcon.tmr0if = 0;
0x038C	0x94F2      	BCF         INTCON, 2 
;MyProject3.c,31 :: 		trisb = 0;
0x038E	0x6A93      	CLRF        TRISB 
;MyProject3.c,32 :: 		portb = 0;
0x0390	0x6A81      	CLRF        PORTB 
;MyProject3.c,33 :: 		lcd_cmd(_lcd_clear);
0x0392	0x0E01      	MOVLW       1
0x0394	0x6F62      	MOVWF       FARG_Lcd_Cmd_out_char, 1
0x0396	0xDE53      	RCALL       _Lcd_Cmd
;MyProject3.c,34 :: 		lcd_out(1,1,"vezes LED2:");
0x0398	0x0E01      	MOVLW       1
0x039A	0x6E5A      	MOVWF       FARG_Lcd_Out_row 
0x039C	0x0E01      	MOVLW       1
0x039E	0x6E5B      	MOVWF       FARG_Lcd_Out_column 
0x03A0	0x0E15      	MOVLW       ?lstr3_MyProject3
0x03A2	0x6E5C      	MOVWF       FARG_Lcd_Out_text 
0x03A4	0x0E00      	MOVLW       hi_addr(?lstr3_MyProject3)
0x03A6	0x6E5D      	MOVWF       FARG_Lcd_Out_text+1 
0x03A8	0xDF02      	RCALL       _Lcd_Out
;MyProject3.c,35 :: 		lcd_out(2,1,"vezes LED1:");
0x03AA	0x0E02      	MOVLW       2
0x03AC	0x6E5A      	MOVWF       FARG_Lcd_Out_row 
0x03AE	0x0E01      	MOVLW       1
0x03B0	0x6E5B      	MOVWF       FARG_Lcd_Out_column 
0x03B2	0x0E21      	MOVLW       ?lstr4_MyProject3
0x03B4	0x6E5C      	MOVWF       FARG_Lcd_Out_text 
0x03B6	0x0E00      	MOVLW       hi_addr(?lstr4_MyProject3)
0x03B8	0x6E5D      	MOVWF       FARG_Lcd_Out_text+1 
0x03BA	0xDEF9      	RCALL       _Lcd_Out
;MyProject3.c,36 :: 		trisd = 0;
0x03BC	0x6A95      	CLRF        TRISD 
;MyProject3.c,37 :: 		portd = 255;
0x03BE	0x0EFF      	MOVLW       255
0x03C0	0x6E83      	MOVWF       PORTD 
;MyProject3.c,38 :: 		while(i<15){
L_main3:
0x03C2	0x0E80      	MOVLW       128
0x03C4	0x1859      	XORWF       main_i_L0+1, 0 
0x03C6	0x6E00      	MOVWF       R0 
0x03C8	0x0E80      	MOVLW       128
0x03CA	0x5C00      	SUBWF       R0, 0 
0x03CC	0xE102      	BNZ         L__main7
0x03CE	0x0E0F      	MOVLW       15
0x03D0	0x5C58      	SUBWF       main_i_L0, 0 
L__main7:
0x03D2	0xE23C      	BC          L_main4
;MyProject3.c,39 :: 		lcd_out(1,13,"0");
0x03D4	0x0E01      	MOVLW       1
0x03D6	0x6E5A      	MOVWF       FARG_Lcd_Out_row 
0x03D8	0x0E0D      	MOVLW       13
0x03DA	0x6E5B      	MOVWF       FARG_Lcd_Out_column 
0x03DC	0x0E4F      	MOVLW       ?lstr5_MyProject3
0x03DE	0x6E5C      	MOVWF       FARG_Lcd_Out_text 
0x03E0	0x0E00      	MOVLW       hi_addr(?lstr5_MyProject3)
0x03E2	0x6E5D      	MOVWF       FARG_Lcd_Out_text+1 
0x03E4	0xDEE4      	RCALL       _Lcd_Out
;MyProject3.c,40 :: 		lcd_out(2,13,"1");
0x03E6	0x0E02      	MOVLW       2
0x03E8	0x6E5A      	MOVWF       FARG_Lcd_Out_row 
0x03EA	0x0E0D      	MOVLW       13
0x03EC	0x6E5B      	MOVWF       FARG_Lcd_Out_column 
0x03EE	0x0E4D      	MOVLW       ?lstr6_MyProject3
0x03F0	0x6E5C      	MOVWF       FARG_Lcd_Out_text 
0x03F2	0x0E00      	MOVLW       hi_addr(?lstr6_MyProject3)
0x03F4	0x6E5D      	MOVWF       FARG_Lcd_Out_text+1 
0x03F6	0xDEDB      	RCALL       _Lcd_Out
;MyProject3.c,41 :: 		if(intcon.tmr0if == 1){
0x03F8	0xA4F2      	BTFSS       INTCON, 2 
0x03FA	0xD027      	BRA         L_main5
;MyProject3.c,42 :: 		portb = ~portb;
0x03FC	0x1E81      	COMF        PORTB, 1 
;MyProject3.c,43 :: 		portd = ~portd;
0x03FE	0x1E83      	COMF        PORTD, 1 
;MyProject3.c,44 :: 		intcon.tmr0if = 0;
0x0400	0x94F2      	BCF         INTCON, 2 
;MyProject3.c,45 :: 		tmr0h = 0xc2;
0x0402	0x0EC2      	MOVLW       194
0x0404	0x6ED7      	MOVWF       TMR0H 
;MyProject3.c,46 :: 		tmr0l = 0xf7;
0x0406	0x0EF7      	MOVLW       247
0x0408	0x6ED6      	MOVWF       TMR0L 
;MyProject3.c,47 :: 		i = i + 1;
0x040A	0x4A58      	INFSNZ      main_i_L0, 1 
0x040C	0x2A59      	INCF        main_i_L0+1, 1 
;MyProject3.c,48 :: 		wordtostr(i/2,txt);
0x040E	0xF05AC058  	MOVFF       main_i_L0, FARG_WordToStr_input
0x0412	0xF05BC059  	MOVFF       main_i_L0+1, FARG_WordToStr_input+1
0x0416	0x325B      	RRCF        FARG_WordToStr_input+1, 1 
0x0418	0x325A      	RRCF        FARG_WordToStr_input, 1 
0x041A	0x9E5B      	BCF         FARG_WordToStr_input+1, 7 
0x041C	0xBC5B      	BTFSC       FARG_WordToStr_input+1, 6 
0x041E	0x8E5B      	BSF         FARG_WordToStr_input+1, 7 
0x0420	0xAE5B      	BTFSS       FARG_WordToStr_input+1, 7 
0x0422	0xD003      	BRA         L__main8
0x0424	0xE302      	BNC         L__main8
0x0426	0x4A5A      	INFSNZ      FARG_WordToStr_input, 1 
0x0428	0x2A5B      	INCF        FARG_WordToStr_input+1, 1 
L__main8:
0x042A	0x0E52      	MOVLW       main_txt_L0
0x042C	0x6E5C      	MOVWF       FARG_WordToStr_output 
0x042E	0x0E00      	MOVLW       hi_addr(main_txt_L0)
0x0430	0x6E5D      	MOVWF       FARG_WordToStr_output+1 
0x0432	0xDEFA      	RCALL       _WordToStr
;MyProject3.c,49 :: 		lcd_out(1,12,txt);
0x0434	0x0E01      	MOVLW       1
0x0436	0x6E5A      	MOVWF       FARG_Lcd_Out_row 
0x0438	0x0E0C      	MOVLW       12
0x043A	0x6E5B      	MOVWF       FARG_Lcd_Out_column 
0x043C	0x0E52      	MOVLW       main_txt_L0
0x043E	0x6E5C      	MOVWF       FARG_Lcd_Out_text 
0x0440	0x0E00      	MOVLW       hi_addr(main_txt_L0)
0x0442	0x6E5D      	MOVWF       FARG_Lcd_Out_text+1 
0x0444	0xDEB4      	RCALL       _Lcd_Out
;MyProject3.c,50 :: 		portd = 255;
0x0446	0x0EFF      	MOVLW       255
0x0448	0x6E83      	MOVWF       PORTD 
;MyProject3.c,51 :: 		}
L_main5:
;MyProject3.c,53 :: 		}
0x044A	0xD7BB      	BRA         L_main3
L_main4:
;MyProject3.c,54 :: 		}
L_main2:
;MyProject3.c,55 :: 		}
0x044C	0xD793      	BRA         L_main0
;MyProject3.c,56 :: 		}
L_end_main:
0x044E	0xD7FF      	BRA         $+0
; end of _main
0x048C	0xF015EE10  	LFSR        1, 21
0x0490	0x0E3C      	MOVLW       60
0x0492	0x6E00      	MOVWF       R0 
0x0494	0x0E01      	MOVLW       1
0x0496	0x6E01      	MOVWF       R1 
0x0498	0x0E50      	MOVLW       80
0x049A	0x6EF6      	MOVWF       TBLPTR 
0x049C	0x0E04      	MOVLW       4
0x049E	0x6EF7      	MOVWF       TBLPTRH 
0x04A0	0x0E00      	MOVLW       0
0x04A2	0x6EF8      	MOVWF       TBLPTRU 
0x04A4	0xF000ECCF  	CALL        414, 0
0x04A8	0x0012      	RETURN      0
;MyProject3.c,0 :: ?ICS?lstr3_MyProject3
0x0450	0x6576 ;?ICS?lstr3_MyProject3+0
0x0452	0x657A ;?ICS?lstr3_MyProject3+2
0x0454	0x2073 ;?ICS?lstr3_MyProject3+4
0x0456	0x454C ;?ICS?lstr3_MyProject3+6
0x0458	0x3244 ;?ICS?lstr3_MyProject3+8
0x045A	0x003A ;?ICS?lstr3_MyProject3+10
; end of ?ICS?lstr3_MyProject3
;MyProject3.c,0 :: ?ICS?lstr4_MyProject3
0x045C	0x6576 ;?ICS?lstr4_MyProject3+0
0x045E	0x657A ;?ICS?lstr4_MyProject3+2
0x0460	0x2073 ;?ICS?lstr4_MyProject3+4
0x0462	0x454C ;?ICS?lstr4_MyProject3+6
0x0464	0x3144 ;?ICS?lstr4_MyProject3+8
0x0466	0x003A ;?ICS?lstr4_MyProject3+10
; end of ?ICS?lstr4_MyProject3
;MyProject3.c,0 :: ?ICS?lstr1_MyProject3
0x0468	0x6553 ;?ICS?lstr1_MyProject3+0
0x046A	0x616A ;?ICS?lstr1_MyProject3+2
0x046C	0x6220 ;?ICS?lstr1_MyProject3+4
0x046E	0x6D65 ;?ICS?lstr1_MyProject3+6
0x0470	0x7620 ;?ICS?lstr1_MyProject3+8
0x0472	0x6E69 ;?ICS?lstr1_MyProject3+10
0x0474	0x6F64 ;?ICS?lstr1_MyProject3+12
0x0476	0x0021 ;?ICS?lstr1_MyProject3+14
; end of ?ICS?lstr1_MyProject3
;MyProject3.c,0 :: ?ICS?lstr2_MyProject3
0x0478	0x7041 ;?ICS?lstr2_MyProject3+0
0x047A	0x7265 ;?ICS?lstr2_MyProject3+2
0x047C	0x6574 ;?ICS?lstr2_MyProject3+4
0x047E	0x6220 ;?ICS?lstr2_MyProject3+6
0x0480	0x2030 ;?ICS?lstr2_MyProject3+8
0x0482	0x756F ;?ICS?lstr2_MyProject3+10
0x0484	0x6220 ;?ICS?lstr2_MyProject3+12
0x0486	0x0031 ;?ICS?lstr2_MyProject3+14
; end of ?ICS?lstr2_MyProject3
;MyProject3.c,0 :: ?ICS?lstr6_MyProject3
0x0488	0x0031 ;?ICS?lstr6_MyProject3+0
; end of ?ICS?lstr6_MyProject3
;MyProject3.c,0 :: ?ICS?lstr5_MyProject3
0x048A	0x0030 ;?ICS?lstr5_MyProject3+0
; end of ?ICS?lstr5_MyProject3
Symbol List:
//** Routines locations **
//ADDRESS    SIZE    PROCEDURE
//----------------------------------------------
0x001C      [14]    _Delay_50us
0x002A      [18]    _Delay_5500us
0x003C       [2]    _Delay_1us
0x003E     [126]    _Lcd_Cmd
0x00BC      [12]    _Lcd_Chr_CP
0x00C8      [10]    _Delay_500us
0x00D2      [54]    _Div_16X16_U
0x0108     [150]    _Lcd_Init
0x019E      [16]    ___CC2DW
0x01AE     [122]    _Lcd_Out
0x0228     [146]    _WordToStr
0x02BA     [112]    _Button
0x032A     [294]    _main
//** Variables locations ** 
//ADDRESS    SIZE    VARIABLE
//----------------------------------------------
0x0000       [1]    R0
0x0001       [1]    R1
0x0001       [1]    __Lib_Conversions_Adjust_Hex_tmp_L0
0x0002       [2]    memset_pp_L0
0x0002       [1]    R2
0x0002       [2]    strlen_cp_L0
0x0002       [2]    memchr_s_L0
0x0002       [2]    memcpy_dd_L0
0x0003       [2]    Ltrim_original_L0
0x0003       [1]    R3
0x0003       [2]    memmove_tt_L0
0x0004       [2]    strcat_cp_L0
0x0004       [2]    memcpy_ss_L0
0x0004       [2]    strcpy_cp_L0
0x0004       [2]    strncpy_cp_L0
0x0004       [1]    R4
0x0004       [2]    strncat_cp_L0
0x0005       [2]    LongWordToHex_input_half_L0
0x0005       [2]    LongIntToHex_input_half_L0
0x0005       [2]    Ltrim_p_L0
0x0005       [1]    R5
0x0005       [2]    memmove_ff_L0
0x0006       [1]    R6
0x0007       [1]    R7
0x0008       [1]    R8
0x0009       [1]    R9
0x000A       [1]    R10
0x000B       [1]    R11
0x000C       [1]    R12
0x000D       [1]    R13
0x000E       [1]    R14
0x000F       [1]    R15
0x0010       [1]    R16
0x0011       [1]    R17
0x0012       [1]    R18
0x0013       [1]    R19
0x0014       [1]    R20
0x0015      [12]    ?lstr3_MyProject3
0x0021      [12]    ?lstr4_MyProject3
0x002D      [16]    ?lstr1_MyProject3
0x003D      [16]    ?lstr2_MyProject3
0x004D       [2]    ?lstr6_MyProject3
0x004F       [2]    ?lstr5_MyProject3
0x0051       [0]    __Lib_Lcd_cmd_status
0x0052       [6]    main_txt_L0
0x0058       [2]    main_i_L0
0x005A       [1]    FARG_Lcd_Out_row
0x005A       [2]    FARG_Button_port
0x005A       [2]    FARG_WordToStr_input
0x005B       [1]    FARG_Lcd_Out_column
0x005C       [2]    FARG_Lcd_Out_text
0x005C       [1]    FARG_Button_pin
0x005C       [2]    FARG_WordToStr_output
0x005D       [1]    FARG_Button_time_ms
0x005E       [1]    FARG_Button_active_state
0x005E       [1]    WordToStr_len_L0
0x005E       [1]    Lcd_Out_i_L0
0x005F       [2]    FLOC__WordToStr
0x005F       [1]    Button_pMask_L0
0x0060       [1]    Button_rslt_L0
0x0061       [1]    FARG_Lcd_Chr_CP_out_char
0x0062       [1]    FARG_Lcd_Cmd_out_char
0x0F81       [1]    PORTB
0x0F83       [0]    LCD_D6
0x0F83       [1]    PORTD
0x0F83       [0]    RD7_bit
0x0F83       [0]    LCD_D7
0x0F83       [0]    LCD_D4
0x0F83       [0]    LCD_D5
0x0F83       [0]    RD5_bit
0x0F83       [0]    RD6_bit
0x0F83       [0]    RD4_bit
0x0F84       [0]    RE2_bit
0x0F84       [0]    RE1_bit
0x0F84       [0]    LCD_RS
0x0F84       [0]    LCD_EN
0x0F93       [1]    TRISB
0x0F95       [0]    LCD_D5_Direction
0x0F95       [0]    LCD_D6_Direction
0x0F95       [0]    LCD_D7_Direction
0x0F95       [0]    LCD_D4_Direction
0x0F95       [1]    TRISD
0x0F95       [0]    TRISD5_bit
0x0F95       [0]    TRISD4_bit
0x0F95       [0]    TRISD6_bit
0x0F95       [0]    TRISD7_bit
0x0F96       [0]    TRISE1_bit
0x0F96       [0]    TRISE2_bit
0x0F96       [0]    LCD_EN_Direction
0x0F96       [0]    LCD_RS_Direction
0x0FD5       [1]    T0CON
0x0FD6       [1]    TMR0L
0x0FD7       [1]    TMR0H
0x0FD8       [1]    STATUS
0x0FD9       [1]    FSR2L
0x0FDA       [1]    FSR2H
0x0FDE       [1]    POSTINC2
0x0FE0       [1]    BSR
0x0FE1       [1]    FSR1L
0x0FE2       [1]    FSR1H
0x0FE4       [1]    PREINC1
0x0FE6       [1]    POSTINC1
0x0FE7       [1]    INDF1
0x0FE8       [1]    WREG
0x0FE9       [1]    FSR0L
0x0FEA       [1]    FSR0H
0x0FEE       [1]    POSTINC0
0x0FF2       [1]    INTCON
0x0FF3       [1]    PRODL
0x0FF4       [1]    PRODH
0x0FF5       [1]    TABLAT
0x0FF6       [3]    TBLPTR
0x0FF6       [1]    TBLPTRL
0x0FF7       [1]    TBLPTRH
0x0FF8       [1]    TBLPTRU
//** Constants locations ** 
//ADDRESS    SIZE    CONSTANT
//----------------------------------------------
0x0450      [12]    ?ICS?lstr3_MyProject3
0x045C      [12]    ?ICS?lstr4_MyProject3
0x0468      [16]    ?ICS?lstr1_MyProject3
0x0478      [16]    ?ICS?lstr2_MyProject3
0x0488       [2]    ?ICS?lstr6_MyProject3
0x048A       [2]    ?ICS?lstr5_MyProject3
