;  LST file generated by mikroListExporter - v.2.0 
; Date/Time: 24/08/2022 20:25:32
;----------------------------------------------

;Address Opcode 	ASM
0x0000	0xF000EF0E  	GOTO        28
0x0004	0x0000      	NOP
0x0006	0x0000      	NOP
0x0008	0xF000EF00  	GOTO        0
0x000C	0x0000      	NOP
0x000E	0x0000      	NOP
0x0010	0x0000      	NOP
0x0012	0x0000      	NOP
0x0014	0x0000      	NOP
0x0016	0x0000      	NOP
0x0018	0xD7F3      	BRA         0
_main:
;_3.c,1 :: 		void main() {
;_3.c,2 :: 		int a = 128;
0x001C	0x0E80      	MOVLW       128
0x001E	0x6E15      	MOVWF       main_a_L0 
0x0020	0x0E00      	MOVLW       0
0x0022	0x6E16      	MOVWF       main_a_L0+1 
0x0024	0x0E80      	MOVLW       128
0x0026	0x6E17      	MOVWF       main_b_L0 
0x0028	0x0E00      	MOVLW       0
0x002A	0x6E18      	MOVWF       main_b_L0+1 
;_3.c,4 :: 		trisd = 0;
0x002C	0x6A95      	CLRF        TRISD 
;_3.c,5 :: 		while(1){
L_main0:
;_3.c,6 :: 		portd = a;
0x002E	0xFF83C015  	MOVFF       main_a_L0, PORTD
;_3.c,7 :: 		a = a+b/2;
0x0032	0xF000C017  	MOVFF       main_b_L0, R0
0x0036	0xF001C018  	MOVFF       main_b_L0+1, R1
0x003A	0x3201      	RRCF        R1, 1 
0x003C	0x3200      	RRCF        R0, 1 
0x003E	0x9E01      	BCF         R1, 7 
0x0040	0xBC01      	BTFSC       R1, 6 
0x0042	0x8E01      	BSF         R1, 7 
0x0044	0xAE01      	BTFSS       R1, 7 
0x0046	0xD003      	BRA         L__main4
0x0048	0xE302      	BNC         L__main4
0x004A	0x4A00      	INFSNZ      R0, 1 
0x004C	0x2A01      	INCF        R1, 1 
L__main4:
0x004E	0x5000      	MOVF        R0, 0 
0x0050	0x2615      	ADDWF       main_a_L0, 1 
0x0052	0x5001      	MOVF        R1, 0 
0x0054	0x2216      	ADDWFC      main_a_L0+1, 1 
;_3.c,8 :: 		b = b/2;
0x0056	0xF017C000  	MOVFF       R0, main_b_L0
0x005A	0xF018C001  	MOVFF       R1, main_b_L0+1
;_3.c,9 :: 		delay_ms(500);
0x005E	0x0E06      	MOVLW       6
0x0060	0x6E0B      	MOVWF       R11, 0
0x0062	0x0E13      	MOVLW       19
0x0064	0x6E0C      	MOVWF       R12, 0
0x0066	0x0EAD      	MOVLW       173
0x0068	0x6E0D      	MOVWF       R13, 0
L_main2:
0x006A	0x2E0D      	DECFSZ      R13, 1, 0
0x006C	0xD7FE      	BRA         L_main2
0x006E	0x2E0C      	DECFSZ      R12, 1, 0
0x0070	0xD7FC      	BRA         L_main2
0x0072	0x2E0B      	DECFSZ      R11, 1, 0
0x0074	0xD7FA      	BRA         L_main2
0x0076	0x0000      	NOP
0x0078	0x0000      	NOP
;_3.c,10 :: 		}
0x007A	0xD7D9      	BRA         L_main0
;_3.c,11 :: 		}
L_end_main:
0x007C	0xD7FF      	BRA         $+0
; end of _main
Symbol List:
//** Routines locations **
//ADDRESS    SIZE    PROCEDURE
//----------------------------------------------
0x001C      [98]    _main
//** Variables locations ** 
//ADDRESS    SIZE    VARIABLE
//----------------------------------------------
0x0000       [1]    R0
0x0001       [1]    R1
0x0002       [1]    R2
0x0003       [1]    R3
0x0004       [1]    R4
0x0005       [1]    R5
0x0006       [1]    R6
0x0007       [1]    R7
0x0008       [1]    R8
0x0009       [1]    R9
0x000A       [1]    R10
0x000B       [1]    R11
0x000C       [1]    R12
0x000D       [1]    R13
0x000E       [1]    R14
0x000F       [1]    R15
0x0010       [1]    R16
0x0011       [1]    R17
0x0012       [1]    R18
0x0013       [1]    R19
0x0014       [1]    R20
0x0015       [2]    main_a_L0
0x0017       [2]    main_b_L0
0x0F83       [1]    PORTD
0x0F95       [1]    TRISD
0x0FD8       [1]    STATUS
0x0FD9       [1]    FSR2L
0x0FDA       [1]    FSR2H
0x0FDE       [1]    POSTINC2
0x0FE0       [1]    BSR
0x0FE1       [1]    FSR1L
0x0FE2       [1]    FSR1H
0x0FE4       [1]    PREINC1
0x0FE6       [1]    POSTINC1
0x0FE7       [1]    INDF1
0x0FE8       [1]    WREG
0x0FE9       [1]    FSR0L
0x0FEA       [1]    FSR0H
0x0FEE       [1]    POSTINC0
0x0FF3       [1]    PRODL
0x0FF4       [1]    PRODH
0x0FF5       [1]    TABLAT
0x0FF6       [1]    TBLPTRL
0x0FF7       [1]    TBLPTRH
0x0FF8       [1]    TBLPTRU
